{"/Users/jonathanbotha/Projects/Flight Control/frontend/src/App.tsx": {"path":"/Users/jonathanbotha/Projects/Flight Control/frontend/src/App.tsx","statementMap":{"0":{"start":{"line":14,"column":12},"end":{"line":139,"column":1}},"1":{"start":{"line":15,"column":42},"end":{"line":15,"column":57}},"2":{"start":{"line":16,"column":42},"end":{"line":16,"column":57}},"3":{"start":{"line":17,"column":44},"end":{"line":17,"column":64}},"4":{"start":{"line":20,"column":24},"end":{"line":24,"column":8}},"5":{"start":{"line":21,"column":4},"end":{"line":23,"column":5}},"6":{"start":{"line":22,"column":6},"end":{"line":22,"column":28}},"7":{"start":{"line":26,"column":2},"end":{"line":29,"column":22}},"8":{"start":{"line":27,"column":4},"end":{"line":27,"column":54}},"9":{"start":{"line":28,"column":4},"end":{"line":28,"column":70}},"10":{"start":{"line":28,"column":17},"end":{"line":28,"column":69}},"11":{"start":{"line":32,"column":2},"end":{"line":41,"column":9}},"12":{"start":{"line":33,"column":25},"end":{"line":33,"column":65}},"13":{"start":{"line":33,"column":31},"end":{"line":33,"column":65}},"14":{"start":{"line":34,"column":4},"end":{"line":34,"column":52}},"15":{"start":{"line":35,"column":4},"end":{"line":35,"column":53}},"16":{"start":{"line":36,"column":4},"end":{"line":36,"column":19}},"17":{"start":{"line":37,"column":4},"end":{"line":40,"column":6}},"18":{"start":{"line":38,"column":6},"end":{"line":38,"column":57}},"19":{"start":{"line":39,"column":6},"end":{"line":39,"column":58}},"20":{"start":{"line":43,"column":31},"end":{"line":87,"column":3}},"21":{"start":{"line":44,"column":4},"end":{"line":85,"column":6}},"22":{"start":{"line":50,"column":10},"end":{"line":57,"column":11}},"23":{"start":{"line":51,"column":24},"end":{"line":51,"column":58}},"24":{"start":{"line":51,"column":54},"end":{"line":51,"column":56}},"25":{"start":{"line":53,"column":14},"end":{"line":55,"column":27}},"26":{"start":{"line":56,"column":12},"end":{"line":56,"column":59}},"27":{"start":{"line":58,"column":10},"end":{"line":58,"column":28}},"28":{"start":{"line":61,"column":10},"end":{"line":61,"column":55}},"29":{"start":{"line":61,"column":33},"end":{"line":61,"column":55}},"30":{"start":{"line":62,"column":10},"end":{"line":62,"column":20}},"31":{"start":{"line":70,"column":14},"end":{"line":72,"column":27}},"32":{"start":{"line":73,"column":12},"end":{"line":73,"column":69}},"33":{"start":{"line":86,"column":4},"end":{"line":86,"column":27}},"34":{"start":{"line":89,"column":2},"end":{"line":138,"column":4}},"35":{"start":{"line":117,"column":39},"end":{"line":117,"column":60}},"36":{"start":{"line":120,"column":25},"end":{"line":120,"column":47}}},"fnMap":{"0":{"name":"(anonymous_0)","decl":{"start":{"line":14,"column":12},"end":{"line":14,"column":13}},"loc":{"start":{"line":14,"column":18},"end":{"line":139,"column":1}},"line":14},"1":{"name":"(anonymous_1)","decl":{"start":{"line":20,"column":36},"end":{"line":20,"column":37}},"loc":{"start":{"line":20,"column":58},"end":{"line":24,"column":3}},"line":20},"2":{"name":"(anonymous_2)","decl":{"start":{"line":26,"column":12},"end":{"line":26,"column":13}},"loc":{"start":{"line":26,"column":18},"end":{"line":29,"column":3}},"line":26},"3":{"name":"(anonymous_3)","decl":{"start":{"line":28,"column":11},"end":{"line":28,"column":12}},"loc":{"start":{"line":28,"column":17},"end":{"line":28,"column":69}},"line":28},"4":{"name":"(anonymous_4)","decl":{"start":{"line":32,"column":12},"end":{"line":32,"column":13}},"loc":{"start":{"line":32,"column":18},"end":{"line":41,"column":3}},"line":32},"5":{"name":"(anonymous_5)","decl":{"start":{"line":33,"column":25},"end":{"line":33,"column":26}},"loc":{"start":{"line":33,"column":31},"end":{"line":33,"column":65}},"line":33},"6":{"name":"(anonymous_6)","decl":{"start":{"line":37,"column":11},"end":{"line":37,"column":12}},"loc":{"start":{"line":37,"column":17},"end":{"line":40,"column":5}},"line":37},"7":{"name":"(anonymous_7)","decl":{"start":{"line":43,"column":31},"end":{"line":43,"column":32}},"loc":{"start":{"line":43,"column":57},"end":{"line":87,"column":3}},"line":43},"8":{"name":"(anonymous_8)","decl":{"start":{"line":49,"column":14},"end":{"line":49,"column":15}},"loc":{"start":{"line":49,"column":29},"end":{"line":59,"column":9}},"line":49},"9":{"name":"(anonymous_9)","decl":{"start":{"line":51,"column":47},"end":{"line":51,"column":48}},"loc":{"start":{"line":51,"column":54},"end":{"line":51,"column":56}},"line":51},"10":{"name":"(anonymous_10)","decl":{"start":{"line":60,"column":15},"end":{"line":60,"column":16}},"loc":{"start":{"line":60,"column":24},"end":{"line":63,"column":9}},"line":60},"11":{"name":"(anonymous_11)","decl":{"start":{"line":68,"column":10},"end":{"line":68,"column":11}},"loc":{"start":{"line":68,"column":27},"end":{"line":74,"column":11}},"line":68},"12":{"name":"(anonymous_12)","decl":{"start":{"line":117,"column":33},"end":{"line":117,"column":34}},"loc":{"start":{"line":117,"column":39},"end":{"line":117,"column":60}},"line":117},"13":{"name":"(anonymous_13)","decl":{"start":{"line":120,"column":19},"end":{"line":120,"column":20}},"loc":{"start":{"line":120,"column":25},"end":{"line":120,"column":47}},"line":120}},"branchMap":{"0":{"loc":{"start":{"line":21,"column":4},"end":{"line":23,"column":5}},"type":"if","locations":[{"start":{"line":21,"column":4},"end":{"line":23,"column":5}},{"start":{},"end":{}}],"line":21},"1":{"loc":{"start":{"line":21,"column":8},"end":{"line":21,"column":77}},"type":"binary-expr","locations":[{"start":{"line":21,"column":9},"end":{"line":21,"column":18}},{"start":{"line":21,"column":22},"end":{"line":21,"column":31}},{"start":{"line":21,"column":36},"end":{"line":21,"column":46}},{"start":{"line":21,"column":50},"end":{"line":21,"column":77}}],"line":21},"2":{"loc":{"start":{"line":50,"column":10},"end":{"line":57,"column":11}},"type":"if","locations":[{"start":{"line":50,"column":10},"end":{"line":57,"column":11}},{"start":{},"end":{}}],"line":50},"3":{"loc":{"start":{"line":53,"column":14},"end":{"line":55,"column":27}},"type":"cond-expr","locations":[{"start":{"line":54,"column":18},"end":{"line":54,"column":53}},{"start":{"line":55,"column":18},"end":{"line":55,"column":27}}],"line":53},"4":{"loc":{"start":{"line":53,"column":14},"end":{"line":53,"column":72}},"type":"binary-expr","locations":[{"start":{"line":53,"column":14},"end":{"line":53,"column":37}},{"start":{"line":53,"column":41},"end":{"line":53,"column":53}},{"start":{"line":53,"column":57},"end":{"line":53,"column":72}}],"line":53},"5":{"loc":{"start":{"line":56,"column":28},"end":{"line":56,"column":57}},"type":"binary-expr","locations":[{"start":{"line":56,"column":28},"end":{"line":56,"column":34}},{"start":{"line":56,"column":38},"end":{"line":56,"column":57}}],"line":56},"6":{"loc":{"start":{"line":61,"column":10},"end":{"line":61,"column":55}},"type":"if","locations":[{"start":{"line":61,"column":10},"end":{"line":61,"column":55}},{"start":{},"end":{}}],"line":61},"7":{"loc":{"start":{"line":70,"column":14},"end":{"line":72,"column":27}},"type":"cond-expr","locations":[{"start":{"line":71,"column":18},"end":{"line":71,"column":54}},{"start":{"line":72,"column":18},"end":{"line":72,"column":27}}],"line":70},"8":{"loc":{"start":{"line":70,"column":14},"end":{"line":70,"column":75}},"type":"binary-expr","locations":[{"start":{"line":70,"column":14},"end":{"line":70,"column":38}},{"start":{"line":70,"column":42},"end":{"line":70,"column":55}},{"start":{"line":70,"column":59},"end":{"line":70,"column":75}}],"line":70},"9":{"loc":{"start":{"line":73,"column":19},"end":{"line":73,"column":68}},"type":"binary-expr","locations":[{"start":{"line":73,"column":19},"end":{"line":73,"column":25}},{"start":{"line":73,"column":29},"end":{"line":73,"column":45}},{"start":{"line":73,"column":49},"end":{"line":73,"column":68}}],"line":73},"10":{"loc":{"start":{"line":91,"column":7},"end":{"line":101,"column":7}},"type":"binary-expr","locations":[{"start":{"line":91,"column":7},"end":{"line":91,"column":19}},{"start":{"line":92,"column":8},"end":{"line":100,"column":14}}],"line":91},"11":{"loc":{"start":{"line":102,"column":22},"end":{"line":102,"column":49}},"type":"cond-expr","locations":[{"start":{"line":102,"column":37},"end":{"line":102,"column":44}},{"start":{"line":102,"column":47},"end":{"line":102,"column":49}}],"line":102}},"s":{"0":1,"1":2,"2":1,"3":1,"4":1,"5":0,"6":0,"7":1,"8":1,"9":1,"10":1,"11":1,"12":1,"13":1,"14":1,"15":1,"16":1,"17":1,"18":1,"19":1,"20":1,"21":0,"22":0,"23":0,"24":0,"25":0,"26":0,"27":0,"28":0,"29":0,"30":0,"31":0,"32":0,"33":0,"34":1,"35":0,"36":0},"f":{"0":2,"1":0,"2":1,"3":1,"4":1,"5":1,"6":1,"7":0,"8":0,"9":0,"10":0,"11":0,"12":0,"13":0},"b":{"0":[0,0],"1":[0,0,0,0],"2":[0,0],"3":[0,0],"4":[0,0,0],"5":[0,0],"6":[0,0],"7":[0,0],"8":[0,0,0],"9":[0,0,0],"10":[1,0],"11":[0,1]},"_coverageSchema":"1a1c01bbd47fc00a2c39e90264f33305004495a9","hash":"dbf855384a8dcee6e0f316a0c463b62597686053"}
,"/Users/jonathanbotha/Projects/Flight Control/frontend/src/test-utils.tsx": {"path":"/Users/jonathanbotha/Projects/Flight Control/frontend/src/test-utils.tsx","statementMap":{"0":{"start":{"line":20,"column":41},"end":{"line":24,"column":3}},"1":{"start":{"line":21,"column":4},"end":{"line":23,"column":19}},"2":{"start":{"line":25,"column":2},"end":{"line":25,"column":54}},"3":{"start":{"line":29,"column":2},"end":{"line":29,"column":59}},"4":{"start":{"line":33,"column":2},"end":{"line":33,"column":63}}},"fnMap":{"0":{"name":"renderWithProviders","decl":{"start":{"line":12,"column":16},"end":{"line":12,"column":35}},"loc":{"start":{"line":19,"column":2},"end":{"line":26,"column":1}},"line":19},"1":{"name":"(anonymous_1)","decl":{"start":{"line":20,"column":41},"end":{"line":20,"column":42}},"loc":{"start":{"line":21,"column":4},"end":{"line":23,"column":19}},"line":21},"2":{"name":"renderWithAuth","decl":{"start":{"line":28,"column":16},"end":{"line":28,"column":30}},"loc":{"start":{"line":28,"column":74},"end":{"line":30,"column":1}},"line":28},"3":{"name":"renderWithAnalysis","decl":{"start":{"line":32,"column":16},"end":{"line":32,"column":34}},"loc":{"start":{"line":32,"column":78},"end":{"line":34,"column":1}},"line":32}},"branchMap":{"0":{"loc":{"start":{"line":14,"column":2},"end":{"line":18,"column":39}},"type":"default-arg","locations":[{"start":{"line":18,"column":37},"end":{"line":18,"column":39}}],"line":14},"1":{"loc":{"start":{"line":15,"column":4},"end":{"line":15,"column":18}},"type":"default-arg","locations":[{"start":{"line":15,"column":16},"end":{"line":15,"column":18}}],"line":15},"2":{"loc":{"start":{"line":16,"column":4},"end":{"line":16,"column":22}},"type":"default-arg","locations":[{"start":{"line":16,"column":20},"end":{"line":16,"column":22}}],"line":16}},"s":{"0":0,"1":0,"2":0,"3":2,"4":0},"f":{"0":0,"1":0,"2":2,"3":0},"b":{"0":[0],"1":[0],"2":[0]},"_coverageSchema":"1a1c01bbd47fc00a2c39e90264f33305004495a9","hash":"88a5fdb09f923dfec7892b57f423d237c2ab7604"}
,"/Users/jonathanbotha/Projects/Flight Control/frontend/src/components/CodeEditor.tsx": {"path":"/Users/jonathanbotha/Projects/Flight Control/frontend/src/components/CodeEditor.tsx","statementMap":{"0":{"start":{"line":15,"column":2},"end":{"line":19,"column":5}},"1":{"start":{"line":23,"column":2},"end":{"line":27,"column":4}},"2":{"start":{"line":61,"column":46},"end":{"line":117,"column":1}},"3":{"start":{"line":66,"column":20},"end":{"line":66,"column":48}},"4":{"start":{"line":67,"column":20},"end":{"line":67,"column":76}},"5":{"start":{"line":69,"column":2},"end":{"line":92,"column":24}},"6":{"start":{"line":70,"column":4},"end":{"line":70,"column":29}},"7":{"start":{"line":71,"column":4},"end":{"line":85,"column":5}},"8":{"start":{"line":72,"column":20},"end":{"line":72,"column":44}},"9":{"start":{"line":73,"column":6},"end":{"line":78,"column":9}},"10":{"start":{"line":79,"column":6},"end":{"line":83,"column":9}},"11":{"start":{"line":80,"column":8},"end":{"line":82,"column":9}},"12":{"start":{"line":81,"column":10},"end":{"line":81,"column":49}},"13":{"start":{"line":86,"column":4},"end":{"line":91,"column":6}},"14":{"start":{"line":87,"column":6},"end":{"line":90,"column":7}},"15":{"start":{"line":88,"column":8},"end":{"line":88,"column":36}},"16":{"start":{"line":89,"column":8},"end":{"line":89,"column":33}},"17":{"start":{"line":94,"column":2},"end":{"line":98,"column":14}},"18":{"start":{"line":95,"column":4},"end":{"line":97,"column":5}},"19":{"start":{"line":96,"column":6},"end":{"line":96,"column":40}},"20":{"start":{"line":102,"column":2},"end":{"line":116,"column":4}}},"fnMap":{"0":{"name":"registerPythonLanguage","decl":{"start":{"line":14,"column":9},"end":{"line":14,"column":31}},"loc":{"start":{"line":14,"column":34},"end":{"line":20,"column":1}},"line":14},"1":{"name":"createPythonModel","decl":{"start":{"line":22,"column":9},"end":{"line":22,"column":26}},"loc":{"start":{"line":22,"column":42},"end":{"line":28,"column":1}},"line":22},"2":{"name":"(anonymous_2)","decl":{"start":{"line":61,"column":46},"end":{"line":61,"column":47}},"loc":{"start":{"line":65,"column":6},"end":{"line":117,"column":1}},"line":65},"3":{"name":"(anonymous_3)","decl":{"start":{"line":69,"column":12},"end":{"line":69,"column":13}},"loc":{"start":{"line":69,"column":18},"end":{"line":92,"column":3}},"line":69},"4":{"name":"(anonymous_4)","decl":{"start":{"line":79,"column":48},"end":{"line":79,"column":49}},"loc":{"start":{"line":79,"column":54},"end":{"line":83,"column":7}},"line":79},"5":{"name":"(anonymous_5)","decl":{"start":{"line":86,"column":11},"end":{"line":86,"column":12}},"loc":{"start":{"line":86,"column":17},"end":{"line":91,"column":5}},"line":86},"6":{"name":"(anonymous_6)","decl":{"start":{"line":94,"column":12},"end":{"line":94,"column":13}},"loc":{"start":{"line":94,"column":18},"end":{"line":98,"column":3}},"line":94}},"branchMap":{"0":{"loc":{"start":{"line":71,"column":4},"end":{"line":85,"column":5}},"type":"if","locations":[{"start":{"line":71,"column":4},"end":{"line":85,"column":5}},{"start":{},"end":{}}],"line":71},"1":{"loc":{"start":{"line":71,"column":8},"end":{"line":71,"column":47}},"type":"binary-expr","locations":[{"start":{"line":71,"column":8},"end":{"line":71,"column":25}},{"start":{"line":71,"column":29},"end":{"line":71,"column":47}}],"line":71},"2":{"loc":{"start":{"line":80,"column":8},"end":{"line":82,"column":9}},"type":"if","locations":[{"start":{"line":80,"column":8},"end":{"line":82,"column":9}},{"start":{},"end":{}}],"line":80},"3":{"loc":{"start":{"line":87,"column":6},"end":{"line":90,"column":7}},"type":"if","locations":[{"start":{"line":87,"column":6},"end":{"line":90,"column":7}},{"start":{},"end":{}}],"line":87},"4":{"loc":{"start":{"line":95,"column":4},"end":{"line":97,"column":5}},"type":"if","locations":[{"start":{"line":95,"column":4},"end":{"line":97,"column":5}},{"start":{},"end":{}}],"line":95},"5":{"loc":{"start":{"line":95,"column":8},"end":{"line":95,"column":67}},"type":"binary-expr","locations":[{"start":{"line":95,"column":8},"end":{"line":95,"column":25}},{"start":{"line":95,"column":29},"end":{"line":95,"column":67}}],"line":95},"6":{"loc":{"start":{"line":109,"column":7},"end":{"line":114,"column":7}},"type":"binary-expr","locations":[{"start":{"line":109,"column":7},"end":{"line":109,"column":14}},{"start":{"line":110,"column":8},"end":{"line":113,"column":14}}],"line":109}},"s":{"0":16,"1":16,"2":3,"3":31,"4":31,"5":31,"6":16,"7":16,"8":16,"9":16,"10":15,"11":1,"12":1,"13":15,"14":15,"15":15,"16":15,"17":31,"18":15,"19":15,"20":31},"f":{"0":16,"1":16,"2":31,"3":16,"4":1,"5":15,"6":15},"b":{"0":[16,0],"1":[16,16],"2":[1,0],"3":[15,0],"4":[15,0],"5":[15,15],"6":[31,1]},"_coverageSchema":"1a1c01bbd47fc00a2c39e90264f33305004495a9","hash":"9237b67fa91bd94cb3675201216f0d0c0cac526f"}
,"/Users/jonathanbotha/Projects/Flight Control/frontend/src/components/DiffViewer.tsx": {"path":"/Users/jonathanbotha/Projects/Flight Control/frontend/src/components/DiffViewer.tsx","statementMap":{"0":{"start":{"line":4,"column":19},"end":{"line":4,"column":37}},"1":{"start":{"line":5,"column":19},"end":{"line":5,"column":37}},"2":{"start":{"line":6,"column":17},"end":{"line":6,"column":59}},"3":{"start":{"line":7,"column":17},"end":{"line":7,"column":19}},"4":{"start":{"line":8,"column":2},"end":{"line":38,"column":3}},"5":{"start":{"line":8,"column":15},"end":{"line":8,"column":16}},"6":{"start":{"line":9,"column":4},"end":{"line":37,"column":5}},"7":{"start":{"line":10,"column":6},"end":{"line":15,"column":9}},"8":{"start":{"line":16,"column":11},"end":{"line":37,"column":5}},"9":{"start":{"line":17,"column":6},"end":{"line":22,"column":9}},"10":{"start":{"line":23,"column":11},"end":{"line":37,"column":5}},"11":{"start":{"line":24,"column":6},"end":{"line":29,"column":9}},"12":{"start":{"line":31,"column":6},"end":{"line":36,"column":9}},"13":{"start":{"line":39,"column":2},"end":{"line":39,"column":16}},"14":{"start":{"line":42,"column":19},"end":{"line":93,"column":1}},"15":{"start":{"line":49,"column":15},"end":{"line":49,"column":42}},"16":{"start":{"line":50,"column":2},"end":{"line":92,"column":4}},"17":{"start":{"line":55,"column":10},"end":{"line":57,"column":11}},"18":{"start":{"line":56,"column":12},"end":{"line":56,"column":52}},"19":{"start":{"line":58,"column":10},"end":{"line":64,"column":11}},"20":{"start":{"line":59,"column":12},"end":{"line":63,"column":14}},"21":{"start":{"line":65,"column":10},"end":{"line":71,"column":11}},"22":{"start":{"line":66,"column":12},"end":{"line":70,"column":14}},"23":{"start":{"line":72,"column":10},"end":{"line":87,"column":11}},"24":{"start":{"line":73,"column":12},"end":{"line":86,"column":14}},"25":{"start":{"line":88,"column":10},"end":{"line":88,"column":22}}},"fnMap":{"0":{"name":"diffLines","decl":{"start":{"line":3,"column":9},"end":{"line":3,"column":18}},"loc":{"start":{"line":3,"column":51},"end":{"line":40,"column":1}},"line":3},"1":{"name":"(anonymous_1)","decl":{"start":{"line":42,"column":19},"end":{"line":42,"column":20}},"loc":{"start":{"line":48,"column":6},"end":{"line":93,"column":1}},"line":48},"2":{"name":"(anonymous_2)","decl":{"start":{"line":54,"column":18},"end":{"line":54,"column":19}},"loc":{"start":{"line":54,"column":30},"end":{"line":89,"column":9}},"line":54}},"branchMap":{"0":{"loc":{"start":{"line":9,"column":4},"end":{"line":37,"column":5}},"type":"if","locations":[{"start":{"line":9,"column":4},"end":{"line":37,"column":5}},{"start":{"line":16,"column":11},"end":{"line":37,"column":5}}],"line":9},"1":{"loc":{"start":{"line":12,"column":17},"end":{"line":12,"column":34}},"type":"binary-expr","locations":[{"start":{"line":12,"column":17},"end":{"line":12,"column":28}},{"start":{"line":12,"column":32},"end":{"line":12,"column":34}}],"line":12},"2":{"loc":{"start":{"line":13,"column":17},"end":{"line":13,"column":34}},"type":"binary-expr","locations":[{"start":{"line":13,"column":17},"end":{"line":13,"column":28}},{"start":{"line":13,"column":32},"end":{"line":13,"column":34}}],"line":13},"3":{"loc":{"start":{"line":16,"column":11},"end":{"line":37,"column":5}},"type":"if","locations":[{"start":{"line":16,"column":11},"end":{"line":37,"column":5}},{"start":{"line":23,"column":11},"end":{"line":37,"column":5}}],"line":16},"4":{"loc":{"start":{"line":20,"column":17},"end":{"line":20,"column":34}},"type":"binary-expr","locations":[{"start":{"line":20,"column":17},"end":{"line":20,"column":28}},{"start":{"line":20,"column":32},"end":{"line":20,"column":34}}],"line":20},"5":{"loc":{"start":{"line":23,"column":11},"end":{"line":37,"column":5}},"type":"if","locations":[{"start":{"line":23,"column":11},"end":{"line":37,"column":5}},{"start":{"line":30,"column":11},"end":{"line":37,"column":5}}],"line":23},"6":{"loc":{"start":{"line":26,"column":17},"end":{"line":26,"column":34}},"type":"binary-expr","locations":[{"start":{"line":26,"column":17},"end":{"line":26,"column":28}},{"start":{"line":26,"column":32},"end":{"line":26,"column":34}}],"line":26},"7":{"loc":{"start":{"line":33,"column":17},"end":{"line":33,"column":34}},"type":"binary-expr","locations":[{"start":{"line":33,"column":17},"end":{"line":33,"column":28}},{"start":{"line":33,"column":32},"end":{"line":33,"column":34}}],"line":33},"8":{"loc":{"start":{"line":34,"column":17},"end":{"line":34,"column":34}},"type":"binary-expr","locations":[{"start":{"line":34,"column":17},"end":{"line":34,"column":28}},{"start":{"line":34,"column":32},"end":{"line":34,"column":34}}],"line":34},"9":{"loc":{"start":{"line":55,"column":10},"end":{"line":57,"column":11}},"type":"if","locations":[{"start":{"line":55,"column":10},"end":{"line":57,"column":11}},{"start":{},"end":{}}],"line":55},"10":{"loc":{"start":{"line":58,"column":10},"end":{"line":64,"column":11}},"type":"if","locations":[{"start":{"line":58,"column":10},"end":{"line":64,"column":11}},{"start":{},"end":{}}],"line":58},"11":{"loc":{"start":{"line":65,"column":10},"end":{"line":71,"column":11}},"type":"if","locations":[{"start":{"line":65,"column":10},"end":{"line":71,"column":11}},{"start":{},"end":{}}],"line":65},"12":{"loc":{"start":{"line":72,"column":10},"end":{"line":87,"column":11}},"type":"if","locations":[{"start":{"line":72,"column":10},"end":{"line":87,"column":11}},{"start":{},"end":{}}],"line":72}},"s":{"0":3,"1":3,"2":3,"3":3,"4":3,"5":3,"6":4,"7":2,"8":2,"9":0,"10":2,"11":0,"12":2,"13":3,"14":1,"15":3,"16":3,"17":4,"18":2,"19":2,"20":0,"21":2,"22":0,"23":2,"24":2,"25":0},"f":{"0":3,"1":3,"2":4},"b":{"0":[2,2],"1":[2,0],"2":[2,0],"3":[0,2],"4":[0,0],"5":[0,2],"6":[0,0],"7":[2,0],"8":[2,0],"9":[2,2],"10":[0,2],"11":[0,2],"12":[2,0]},"_coverageSchema":"1a1c01bbd47fc00a2c39e90264f33305004495a9","hash":"9026ee81779c4aa9af50f9d961c6883c5acd89f2"}
,"/Users/jonathanbotha/Projects/Flight Control/frontend/src/components/FeedbackButton.tsx": {"path":"/Users/jonathanbotha/Projects/Flight Control/frontend/src/components/FeedbackButton.tsx","statementMap":{"0":{"start":{"line":8,"column":2},"end":{"line":30,"column":4}}},"fnMap":{"0":{"name":"FeedbackButton","decl":{"start":{"line":7,"column":9},"end":{"line":7,"column":23}},"loc":{"start":{"line":7,"column":58},"end":{"line":31,"column":1}},"line":7}},"branchMap":{},"s":{"0":2},"f":{"0":2},"b":{},"_coverageSchema":"1a1c01bbd47fc00a2c39e90264f33305004495a9","hash":"47a943b83f5afc86ddf2efbe0ca2fa6d83d921b5"}
,"/Users/jonathanbotha/Projects/Flight Control/frontend/src/components/FeedbackModal.tsx": {"path":"/Users/jonathanbotha/Projects/Flight Control/frontend/src/components/FeedbackModal.tsx","statementMap":{"0":{"start":{"line":10,"column":25},"end":{"line":15,"column":1}},"1":{"start":{"line":18,"column":19},"end":{"line":18,"column":31}},"2":{"start":{"line":19,"column":24},"end":{"line":19,"column":36}},"3":{"start":{"line":20,"column":30},"end":{"line":20,"column":69}},"4":{"start":{"line":21,"column":32},"end":{"line":21,"column":47}},"5":{"start":{"line":23,"column":2},"end":{"line":51,"column":22}},"6":{"start":{"line":24,"column":4},"end":{"line":26,"column":5}},"7":{"start":{"line":25,"column":6},"end":{"line":25,"column":58}},"8":{"start":{"line":28,"column":6},"end":{"line":28,"column":40}},"9":{"start":{"line":28,"column":30},"end":{"line":28,"column":40}},"10":{"start":{"line":30,"column":6},"end":{"line":45,"column":7}},"11":{"start":{"line":31,"column":26},"end":{"line":35,"column":9}},"12":{"start":{"line":36,"column":22},"end":{"line":36,"column":34}},"13":{"start":{"line":37,"column":21},"end":{"line":37,"column":52}},"14":{"start":{"line":38,"column":8},"end":{"line":44,"column":9}},"15":{"start":{"line":39,"column":10},"end":{"line":39,"column":29}},"16":{"start":{"line":40,"column":10},"end":{"line":40,"column":24}},"17":{"start":{"line":41,"column":15},"end":{"line":44,"column":9}},"18":{"start":{"line":42,"column":10},"end":{"line":42,"column":29}},"19":{"start":{"line":43,"column":10},"end":{"line":43,"column":23}},"20":{"start":{"line":47,"column":4},"end":{"line":49,"column":5}},"21":{"start":{"line":48,"column":6},"end":{"line":48,"column":58}},"22":{"start":{"line":50,"column":4},"end":{"line":50,"column":72}},"23":{"start":{"line":50,"column":17},"end":{"line":50,"column":71}},"24":{"start":{"line":53,"column":19},"end":{"line":68,"column":3}},"25":{"start":{"line":54,"column":44},"end":{"line":54,"column":46}},"26":{"start":{"line":55,"column":18},"end":{"line":57,"column":19}},"27":{"start":{"line":58,"column":24},"end":{"line":60,"column":19}},"28":{"start":{"line":61,"column":4},"end":{"line":63,"column":53}},"29":{"start":{"line":61,"column":16},"end":{"line":61,"column":50}},"30":{"start":{"line":62,"column":9},"end":{"line":63,"column":53}},"31":{"start":{"line":63,"column":6},"end":{"line":63,"column":53}},"32":{"start":{"line":64,"column":4},"end":{"line":66,"column":67}},"33":{"start":{"line":64,"column":22},"end":{"line":64,"column":68}},"34":{"start":{"line":65,"column":9},"end":{"line":66,"column":67}},"35":{"start":{"line":66,"column":6},"end":{"line":66,"column":67}},"36":{"start":{"line":67,"column":4},"end":{"line":67,"column":16}},"37":{"start":{"line":70,"column":23},"end":{"line":91,"column":3}},"38":{"start":{"line":71,"column":4},"end":{"line":71,"column":23}},"39":{"start":{"line":72,"column":17},"end":{"line":72,"column":32}},"40":{"start":{"line":73,"column":17},"end":{"line":73,"column":31}},"41":{"start":{"line":74,"column":4},"end":{"line":74,"column":20}},"42":{"start":{"line":75,"column":4},"end":{"line":81,"column":5}},"43":{"start":{"line":77,"column":25},"end":{"line":77,"column":45}},"44":{"start":{"line":78,"column":17},"end":{"line":78,"column":33}},"45":{"start":{"line":79,"column":6},"end":{"line":79,"column":59}},"46":{"start":{"line":79,"column":48},"end":{"line":79,"column":59}},"47":{"start":{"line":80,"column":6},"end":{"line":80,"column":13}},"48":{"start":{"line":82,"column":4},"end":{"line":82,"column":21}},"49":{"start":{"line":83,"column":4},"end":{"line":90,"column":5}},"50":{"start":{"line":84,"column":6},"end":{"line":84,"column":41}},"51":{"start":{"line":85,"column":6},"end":{"line":85,"column":20}},"52":{"start":{"line":89,"column":6},"end":{"line":89,"column":24}},"53":{"start":{"line":93,"column":2},"end":{"line":93,"column":25}},"54":{"start":{"line":93,"column":13},"end":{"line":93,"column":25}},"55":{"start":{"line":95,"column":2},"end":{"line":236,"column":4}},"56":{"start":{"line":190,"column":14},"end":{"line":192,"column":23}}},"fnMap":{"0":{"name":"FeedbackModal","decl":{"start":{"line":17,"column":9},"end":{"line":17,"column":22}},"loc":{"start":{"line":17,"column":72},"end":{"line":237,"column":1}},"line":17},"1":{"name":"(anonymous_1)","decl":{"start":{"line":23,"column":12},"end":{"line":23,"column":13}},"loc":{"start":{"line":23,"column":18},"end":{"line":51,"column":3}},"line":23},"2":{"name":"handleKeyDown","decl":{"start":{"line":27,"column":13},"end":{"line":27,"column":26}},"loc":{"start":{"line":27,"column":45},"end":{"line":46,"column":5}},"line":27},"3":{"name":"(anonymous_3)","decl":{"start":{"line":50,"column":11},"end":{"line":50,"column":12}},"loc":{"start":{"line":50,"column":17},"end":{"line":50,"column":71}},"line":50},"4":{"name":"(anonymous_4)","decl":{"start":{"line":53,"column":19},"end":{"line":53,"column":20}},"loc":{"start":{"line":53,"column":46},"end":{"line":68,"column":3}},"line":53},"5":{"name":"(anonymous_5)","decl":{"start":{"line":70,"column":23},"end":{"line":70,"column":24}},"loc":{"start":{"line":70,"column":70},"end":{"line":91,"column":3}},"line":70},"6":{"name":"(anonymous_6)","decl":{"start":{"line":189,"column":34},"end":{"line":189,"column":35}},"loc":{"start":{"line":190,"column":14},"end":{"line":192,"column":23}},"line":190}},"branchMap":{"0":{"loc":{"start":{"line":24,"column":4},"end":{"line":26,"column":5}},"type":"if","locations":[{"start":{"line":24,"column":4},"end":{"line":26,"column":5}},{"start":{},"end":{}}],"line":24},"1":{"loc":{"start":{"line":24,"column":8},"end":{"line":24,"column":37}},"type":"binary-expr","locations":[{"start":{"line":24,"column":8},"end":{"line":24,"column":12}},{"start":{"line":24,"column":16},"end":{"line":24,"column":37}}],"line":24},"2":{"loc":{"start":{"line":28,"column":6},"end":{"line":28,"column":40}},"type":"if","locations":[{"start":{"line":28,"column":6},"end":{"line":28,"column":40}},{"start":{},"end":{}}],"line":28},"3":{"loc":{"start":{"line":30,"column":6},"end":{"line":45,"column":7}},"type":"if","locations":[{"start":{"line":30,"column":6},"end":{"line":45,"column":7}},{"start":{},"end":{}}],"line":30},"4":{"loc":{"start":{"line":30,"column":10},"end":{"line":30,"column":45}},"type":"binary-expr","locations":[{"start":{"line":30,"column":10},"end":{"line":30,"column":25}},{"start":{"line":30,"column":29},"end":{"line":30,"column":45}}],"line":30},"5":{"loc":{"start":{"line":38,"column":8},"end":{"line":44,"column":9}},"type":"if","locations":[{"start":{"line":38,"column":8},"end":{"line":44,"column":9}},{"start":{"line":41,"column":15},"end":{"line":44,"column":9}}],"line":38},"6":{"loc":{"start":{"line":38,"column":12},"end":{"line":38,"column":58}},"type":"binary-expr","locations":[{"start":{"line":38,"column":12},"end":{"line":38,"column":23}},{"start":{"line":38,"column":27},"end":{"line":38,"column":58}}],"line":38},"7":{"loc":{"start":{"line":41,"column":15},"end":{"line":44,"column":9}},"type":"if","locations":[{"start":{"line":41,"column":15},"end":{"line":44,"column":9}},{"start":{},"end":{}}],"line":41},"8":{"loc":{"start":{"line":41,"column":19},"end":{"line":41,"column":65}},"type":"binary-expr","locations":[{"start":{"line":41,"column":19},"end":{"line":41,"column":29}},{"start":{"line":41,"column":33},"end":{"line":41,"column":65}}],"line":41},"9":{"loc":{"start":{"line":47,"column":4},"end":{"line":49,"column":5}},"type":"if","locations":[{"start":{"line":47,"column":4},"end":{"line":49,"column":5}},{"start":{},"end":{}}],"line":47},"10":{"loc":{"start":{"line":61,"column":4},"end":{"line":63,"column":53}},"type":"if","locations":[{"start":{"line":61,"column":4},"end":{"line":63,"column":53}},{"start":{"line":62,"column":9},"end":{"line":63,"column":53}}],"line":61},"11":{"loc":{"start":{"line":62,"column":9},"end":{"line":63,"column":53}},"type":"if","locations":[{"start":{"line":62,"column":9},"end":{"line":63,"column":53}},{"start":{},"end":{}}],"line":62},"12":{"loc":{"start":{"line":62,"column":13},"end":{"line":62,"column":51}},"type":"binary-expr","locations":[{"start":{"line":62,"column":13},"end":{"line":62,"column":29}},{"start":{"line":62,"column":33},"end":{"line":62,"column":51}}],"line":62},"13":{"loc":{"start":{"line":64,"column":4},"end":{"line":66,"column":67}},"type":"if","locations":[{"start":{"line":64,"column":4},"end":{"line":66,"column":67}},{"start":{"line":65,"column":9},"end":{"line":66,"column":67}}],"line":64},"14":{"loc":{"start":{"line":65,"column":9},"end":{"line":66,"column":67}},"type":"if","locations":[{"start":{"line":65,"column":9},"end":{"line":66,"column":67}},{"start":{},"end":{}}],"line":65},"15":{"loc":{"start":{"line":65,"column":13},"end":{"line":65,"column":65}},"type":"binary-expr","locations":[{"start":{"line":65,"column":13},"end":{"line":65,"column":36}},{"start":{"line":65,"column":40},"end":{"line":65,"column":65}}],"line":65},"16":{"loc":{"start":{"line":75,"column":4},"end":{"line":81,"column":5}},"type":"if","locations":[{"start":{"line":75,"column":4},"end":{"line":81,"column":5}},{"start":{},"end":{}}],"line":75},"17":{"loc":{"start":{"line":79,"column":6},"end":{"line":79,"column":59}},"type":"if","locations":[{"start":{"line":79,"column":6},"end":{"line":79,"column":59}},{"start":{},"end":{}}],"line":79},"18":{"loc":{"start":{"line":79,"column":10},"end":{"line":79,"column":46}},"type":"binary-expr","locations":[{"start":{"line":79,"column":10},"end":{"line":79,"column":12}},{"start":{"line":79,"column":16},"end":{"line":79,"column":46}}],"line":79},"19":{"loc":{"start":{"line":93,"column":2},"end":{"line":93,"column":25}},"type":"if","locations":[{"start":{"line":93,"column":2},"end":{"line":93,"column":25}},{"start":{},"end":{}}],"line":93},"20":{"loc":{"start":{"line":134,"column":30},"end":{"line":134,"column":70}},"type":"cond-expr","locations":[{"start":{"line":134,"column":45},"end":{"line":134,"column":58}},{"start":{"line":134,"column":61},"end":{"line":134,"column":70}}],"line":134},"21":{"loc":{"start":{"line":135,"column":55},"end":{"line":135,"column":127}},"type":"cond-expr","locations":[{"start":{"line":135,"column":70},"end":{"line":135,"column":86}},{"start":{"line":135,"column":89},"end":{"line":135,"column":127}}],"line":135},"22":{"loc":{"start":{"line":139,"column":11},"end":{"line":147,"column":11}},"type":"binary-expr","locations":[{"start":{"line":139,"column":11},"end":{"line":139,"column":23}},{"start":{"line":140,"column":12},"end":{"line":146,"column":18}}],"line":139},"23":{"loc":{"start":{"line":161,"column":14},"end":{"line":161,"column":66}},"type":"cond-expr","locations":[{"start":{"line":161,"column":35},"end":{"line":161,"column":54}},{"start":{"line":161,"column":57},"end":{"line":161,"column":66}}],"line":161},"24":{"loc":{"start":{"line":163,"column":55},"end":{"line":163,"column":133}},"type":"cond-expr","locations":[{"start":{"line":163,"column":76},"end":{"line":163,"column":92}},{"start":{"line":163,"column":95},"end":{"line":163,"column":133}}],"line":163},"25":{"loc":{"start":{"line":167,"column":11},"end":{"line":175,"column":11}},"type":"binary-expr","locations":[{"start":{"line":167,"column":11},"end":{"line":167,"column":29}},{"start":{"line":168,"column":12},"end":{"line":174,"column":18}}],"line":167},"26":{"loc":{"start":{"line":224,"column":209},"end":{"line":224,"column":255}},"type":"cond-expr","locations":[{"start":{"line":224,"column":219},"end":{"line":224,"column":250}},{"start":{"line":224,"column":253},"end":{"line":224,"column":255}}],"line":224},"27":{"loc":{"start":{"line":228,"column":13},"end":{"line":230,"column":20}},"type":"cond-expr","locations":[{"start":{"line":229,"column":14},"end":{"line":229,"column":70}},{"start":{"line":230,"column":16},"end":{"line":230,"column":20}}],"line":228},"28":{"loc":{"start":{"line":231,"column":13},"end":{"line":231,"column":58}},"type":"cond-expr","locations":[{"start":{"line":231,"column":23},"end":{"line":231,"column":38}},{"start":{"line":231,"column":41},"end":{"line":231,"column":58}}],"line":231}},"s":{"0":2,"1":9,"2":9,"3":9,"4":9,"5":9,"6":7,"7":5,"8":0,"9":0,"10":0,"11":0,"12":0,"13":0,"14":0,"15":0,"16":0,"17":0,"18":0,"19":0,"20":7,"21":5,"22":7,"23":7,"24":9,"25":2,"26":2,"27":2,"28":2,"29":1,"30":1,"31":0,"32":2,"33":1,"34":1,"35":0,"36":2,"37":9,"38":2,"39":2,"40":2,"41":2,"42":2,"43":1,"44":1,"45":1,"46":0,"47":1,"48":1,"49":1,"50":1,"51":1,"52":1,"53":9,"54":2,"55":7,"56":28},"f":{"0":9,"1":7,"2":0,"3":7,"4":2,"5":2,"6":28},"b":{"0":[5,2],"1":[7,5],"2":[0,0],"3":[0,0],"4":[0,0],"5":[0,0],"6":[0,0],"7":[0,0],"8":[0,0],"9":[5,2],"10":[1,1],"11":[0,1],"12":[1,1],"13":[1,1],"14":[0,1],"15":[1,1],"16":[1,1],"17":[0,1],"18":[1,0],"19":[2,7],"20":[1,6],"21":[1,6],"22":[7,1],"23":[1,6],"24":[1,6],"25":[7,1],"26":[1,6],"27":[1,6],"28":[1,6]},"_coverageSchema":"1a1c01bbd47fc00a2c39e90264f33305004495a9","hash":"3c22a2f30b01cb7f124a2d3b8c7e014ea16da424"}
,"/Users/jonathanbotha/Projects/Flight Control/frontend/src/components/GraphVisualizer.tsx": {"path":"/Users/jonathanbotha/Projects/Flight Control/frontend/src/components/GraphVisualizer.tsx","statementMap":{"0":{"start":{"line":3,"column":24},"end":{"line":7,"column":1}},"1":{"start":{"line":4,"column":2},"end":{"line":6,"column":8}}},"fnMap":{"0":{"name":"(anonymous_0)","decl":{"start":{"line":3,"column":24},"end":{"line":3,"column":25}},"loc":{"start":{"line":4,"column":2},"end":{"line":6,"column":8}},"line":4}},"branchMap":{},"s":{"0":1,"1":1},"f":{"0":1},"b":{},"_coverageSchema":"1a1c01bbd47fc00a2c39e90264f33305004495a9","hash":"f2103cfe035ef928b06ecc143191fd969a8413f5"}
,"/Users/jonathanbotha/Projects/Flight Control/frontend/src/components/RefactoringCard.tsx": {"path":"/Users/jonathanbotha/Projects/Flight Control/frontend/src/components/RefactoringCard.tsx","statementMap":{"0":{"start":{"line":3,"column":24},"end":{"line":10,"column":1}},"1":{"start":{"line":4,"column":2},"end":{"line":9,"column":8}}},"fnMap":{"0":{"name":"(anonymous_0)","decl":{"start":{"line":3,"column":24},"end":{"line":3,"column":25}},"loc":{"start":{"line":4,"column":2},"end":{"line":9,"column":8}},"line":4}},"branchMap":{},"s":{"0":1,"1":1},"f":{"0":1},"b":{},"_coverageSchema":"1a1c01bbd47fc00a2c39e90264f33305004495a9","hash":"be5c177bf1ef683f49779fd0e6524e053ea2ac0d"}
,"/Users/jonathanbotha/Projects/Flight Control/frontend/src/context/AnalysisContext.tsx": {"path":"/Users/jonathanbotha/Projects/Flight Control/frontend/src/context/AnalysisContext.tsx","statementMap":{"0":{"start":{"line":15,"column":24},"end":{"line":17,"column":1}},"1":{"start":{"line":19,"column":32},"end":{"line":43,"column":1}},"2":{"start":{"line":20,"column":30},"end":{"line":20,"column":67}},"3":{"start":{"line":21,"column":32},"end":{"line":21,"column":47}},"4":{"start":{"line":22,"column":28},"end":{"line":22,"column":57}},"5":{"start":{"line":24,"column":18},"end":{"line":36,"column":3}},"6":{"start":{"line":25,"column":4},"end":{"line":25,"column":21}},"7":{"start":{"line":26,"column":4},"end":{"line":26,"column":19}},"8":{"start":{"line":27,"column":4},"end":{"line":35,"column":5}},"9":{"start":{"line":29,"column":6},"end":{"line":29,"column":58}},"10":{"start":{"line":31,"column":6},"end":{"line":31,"column":34}},"11":{"start":{"line":32,"column":6},"end":{"line":32,"column":22}},"12":{"start":{"line":34,"column":6},"end":{"line":34,"column":24}},"13":{"start":{"line":38,"column":2},"end":{"line":42,"column":4}},"14":{"start":{"line":45,"column":34},"end":{"line":52,"column":1}},"15":{"start":{"line":46,"column":14},"end":{"line":46,"column":41}},"16":{"start":{"line":47,"column":2},"end":{"line":50,"column":6}},"17":{"start":{"line":48,"column":4},"end":{"line":50,"column":6}},"18":{"start":{"line":51,"column":2},"end":{"line":51,"column":13}}},"fnMap":{"0":{"name":"(anonymous_0)","decl":{"start":{"line":19,"column":32},"end":{"line":19,"column":33}},"loc":{"start":{"line":19,"column":75},"end":{"line":43,"column":1}},"line":19},"1":{"name":"(anonymous_1)","decl":{"start":{"line":24,"column":18},"end":{"line":24,"column":19}},"loc":{"start":{"line":24,"column":30},"end":{"line":36,"column":3}},"line":24},"2":{"name":"(anonymous_2)","decl":{"start":{"line":45,"column":34},"end":{"line":45,"column":35}},"loc":{"start":{"line":45,"column":40},"end":{"line":52,"column":1}},"line":45}},"branchMap":{"0":{"loc":{"start":{"line":47,"column":2},"end":{"line":50,"column":6}},"type":"if","locations":[{"start":{"line":47,"column":2},"end":{"line":50,"column":6}},{"start":{},"end":{}}],"line":47}},"s":{"0":2,"1":2,"2":3,"3":3,"4":3,"5":3,"6":1,"7":1,"8":1,"9":1,"10":0,"11":0,"12":1,"13":3,"14":2,"15":3,"16":3,"17":0,"18":3},"f":{"0":3,"1":1,"2":3},"b":{"0":[0,3]},"_coverageSchema":"1a1c01bbd47fc00a2c39e90264f33305004495a9","hash":"9240a06e6ab8b2756c232d9810dab3a1475a2037"}
,"/Users/jonathanbotha/Projects/Flight Control/frontend/src/context/AuthContext.tsx": {"path":"/Users/jonathanbotha/Projects/Flight Control/frontend/src/context/AuthContext.tsx","statementMap":{"0":{"start":{"line":10,"column":20},"end":{"line":10,"column":73}},"1":{"start":{"line":12,"column":28},"end":{"line":34,"column":1}},"2":{"start":{"line":13,"column":26},"end":{"line":13,"column":65}},"3":{"start":{"line":15,"column":16},"end":{"line":18,"column":3}},"4":{"start":{"line":17,"column":4},"end":{"line":17,"column":66}},"5":{"start":{"line":20,"column":17},"end":{"line":22,"column":3}},"6":{"start":{"line":21,"column":4},"end":{"line":21,"column":18}},"7":{"start":{"line":24,"column":18},"end":{"line":27,"column":3}},"8":{"start":{"line":26,"column":4},"end":{"line":26,"column":65}},"9":{"start":{"line":26,"column":14},"end":{"line":26,"column":65}},"10":{"start":{"line":29,"column":2},"end":{"line":33,"column":4}},"11":{"start":{"line":36,"column":30},"end":{"line":41,"column":1}},"12":{"start":{"line":37,"column":14},"end":{"line":37,"column":37}},"13":{"start":{"line":38,"column":2},"end":{"line":39,"column":74}},"14":{"start":{"line":39,"column":4},"end":{"line":39,"column":74}},"15":{"start":{"line":40,"column":2},"end":{"line":40,"column":13}}},"fnMap":{"0":{"name":"(anonymous_0)","decl":{"start":{"line":12,"column":28},"end":{"line":12,"column":29}},"loc":{"start":{"line":12,"column":71},"end":{"line":34,"column":1}},"line":12},"1":{"name":"(anonymous_1)","decl":{"start":{"line":15,"column":16},"end":{"line":15,"column":17}},"loc":{"start":{"line":15,"column":44},"end":{"line":18,"column":3}},"line":15},"2":{"name":"(anonymous_2)","decl":{"start":{"line":20,"column":17},"end":{"line":20,"column":18}},"loc":{"start":{"line":20,"column":23},"end":{"line":22,"column":3}},"line":20},"3":{"name":"(anonymous_3)","decl":{"start":{"line":24,"column":18},"end":{"line":24,"column":19}},"loc":{"start":{"line":24,"column":30},"end":{"line":27,"column":3}},"line":24},"4":{"name":"(anonymous_4)","decl":{"start":{"line":36,"column":30},"end":{"line":36,"column":31}},"loc":{"start":{"line":36,"column":36},"end":{"line":41,"column":1}},"line":36}},"branchMap":{"0":{"loc":{"start":{"line":26,"column":4},"end":{"line":26,"column":65}},"type":"if","locations":[{"start":{"line":26,"column":4},"end":{"line":26,"column":65}},{"start":{},"end":{}}],"line":26},"1":{"loc":{"start":{"line":38,"column":2},"end":{"line":39,"column":74}},"type":"if","locations":[{"start":{"line":38,"column":2},"end":{"line":39,"column":74}},{"start":{},"end":{}}],"line":38}},"s":{"0":1,"1":1,"2":6,"3":6,"4":2,"5":6,"6":1,"7":6,"8":1,"9":1,"10":6,"11":1,"12":6,"13":6,"14":0,"15":6},"f":{"0":6,"1":2,"2":1,"3":1,"4":6},"b":{"0":[1,0],"1":[0,6]},"_coverageSchema":"1a1c01bbd47fc00a2c39e90264f33305004495a9","hash":"841967ca8c4aafb258774fea5317f50824be6150"}
,"/Users/jonathanbotha/Projects/Flight Control/frontend/src/hooks/useAnalysis.ts": {"path":"/Users/jonathanbotha/Projects/Flight Control/frontend/src/hooks/useAnalysis.ts","statementMap":{"0":{"start":{"line":10,"column":30},"end":{"line":10,"column":67}},"1":{"start":{"line":11,"column":32},"end":{"line":11,"column":47}},"2":{"start":{"line":12,"column":28},"end":{"line":12,"column":57}},"3":{"start":{"line":14,"column":67},"end":{"line":35,"column":3}},"4":{"start":{"line":18,"column":4},"end":{"line":18,"column":21}},"5":{"start":{"line":19,"column":4},"end":{"line":19,"column":19}},"6":{"start":{"line":20,"column":4},"end":{"line":34,"column":5}},"7":{"start":{"line":21,"column":18},"end":{"line":21,"column":48}},"8":{"start":{"line":22,"column":6},"end":{"line":22,"column":21}},"9":{"start":{"line":24,"column":20},"end":{"line":24,"column":37}},"10":{"start":{"line":25,"column":6},"end":{"line":29,"column":7}},"11":{"start":{"line":26,"column":8},"end":{"line":26,"column":30}},"12":{"start":{"line":27,"column":13},"end":{"line":29,"column":7}},"13":{"start":{"line":28,"column":8},"end":{"line":28,"column":22}},"14":{"start":{"line":30,"column":6},"end":{"line":30,"column":24}},"15":{"start":{"line":31,"column":6},"end":{"line":31,"column":22}},"16":{"start":{"line":33,"column":6},"end":{"line":33,"column":24}},"17":{"start":{"line":37,"column":2},"end":{"line":37,"column":45}}},"fnMap":{"0":{"name":"useAnalysis","decl":{"start":{"line":9,"column":16},"end":{"line":9,"column":27}},"loc":{"start":{"line":9,"column":30},"end":{"line":38,"column":1}},"line":9},"1":{"name":"(anonymous_1)","decl":{"start":{"line":14,"column":67},"end":{"line":14,"column":68}},"loc":{"start":{"line":17,"column":7},"end":{"line":35,"column":3}},"line":17}},"branchMap":{"0":{"loc":{"start":{"line":25,"column":6},"end":{"line":29,"column":7}},"type":"if","locations":[{"start":{"line":25,"column":6},"end":{"line":29,"column":7}},{"start":{"line":27,"column":13},"end":{"line":29,"column":7}}],"line":25},"1":{"loc":{"start":{"line":27,"column":13},"end":{"line":29,"column":7}},"type":"if","locations":[{"start":{"line":27,"column":13},"end":{"line":29,"column":7}},{"start":{},"end":{}}],"line":27}},"s":{"0":11,"1":11,"2":11,"3":11,"4":4,"5":4,"6":4,"7":4,"8":2,"9":2,"10":2,"11":2,"12":0,"13":0,"14":2,"15":2,"16":4,"17":11},"f":{"0":11,"1":4},"b":{"0":[2,0],"1":[0,0]},"_coverageSchema":"1a1c01bbd47fc00a2c39e90264f33305004495a9","hash":"e8c9b65df4ada5546f9602fa507e2e6fd90b6d4c"}
,"/Users/jonathanbotha/Projects/Flight Control/frontend/src/hooks/useAuth.ts": {"path":"/Users/jonathanbotha/Projects/Flight Control/frontend/src/hooks/useAuth.ts","statementMap":{"0":{"start":{"line":4,"column":26},"end":{"line":4,"column":40}},"1":{"start":{"line":6,"column":2},"end":{"line":6,"column":27}}},"fnMap":{"0":{"name":"useAuth","decl":{"start":{"line":3,"column":16},"end":{"line":3,"column":23}},"loc":{"start":{"line":3,"column":26},"end":{"line":7,"column":1}},"line":3}},"branchMap":{},"s":{"0":1,"1":1},"f":{"0":1},"b":{},"_coverageSchema":"1a1c01bbd47fc00a2c39e90264f33305004495a9","hash":"3e84c5cdd6ced9b1639f0e0ebb7eef0968ff7a7a"}
,"/Users/jonathanbotha/Projects/Flight Control/frontend/src/hooks/useGit.ts": {"path":"/Users/jonathanbotha/Projects/Flight Control/frontend/src/hooks/useGit.ts","statementMap":{"0":{"start":{"line":10,"column":30},"end":{"line":10,"column":64}},"1":{"start":{"line":11,"column":32},"end":{"line":11,"column":47}},"2":{"start":{"line":12,"column":28},"end":{"line":12,"column":57}},"3":{"start":{"line":14,"column":16},"end":{"line":32,"column":3}},"4":{"start":{"line":15,"column":4},"end":{"line":15,"column":21}},"5":{"start":{"line":16,"column":4},"end":{"line":16,"column":19}},"6":{"start":{"line":17,"column":4},"end":{"line":31,"column":5}},"7":{"start":{"line":18,"column":18},"end":{"line":18,"column":38}},"8":{"start":{"line":19,"column":6},"end":{"line":19,"column":21}},"9":{"start":{"line":21,"column":20},"end":{"line":21,"column":38}},"10":{"start":{"line":22,"column":6},"end":{"line":26,"column":7}},"11":{"start":{"line":23,"column":8},"end":{"line":23,"column":30}},"12":{"start":{"line":24,"column":13},"end":{"line":26,"column":7}},"13":{"start":{"line":25,"column":8},"end":{"line":25,"column":22}},"14":{"start":{"line":27,"column":6},"end":{"line":27,"column":24}},"15":{"start":{"line":28,"column":6},"end":{"line":28,"column":22}},"16":{"start":{"line":30,"column":6},"end":{"line":30,"column":24}},"17":{"start":{"line":34,"column":2},"end":{"line":34,"column":43}}},"fnMap":{"0":{"name":"useGit","decl":{"start":{"line":9,"column":16},"end":{"line":9,"column":22}},"loc":{"start":{"line":9,"column":25},"end":{"line":35,"column":1}},"line":9},"1":{"name":"(anonymous_1)","decl":{"start":{"line":14,"column":16},"end":{"line":14,"column":17}},"loc":{"start":{"line":14,"column":39},"end":{"line":32,"column":3}},"line":14}},"branchMap":{"0":{"loc":{"start":{"line":22,"column":6},"end":{"line":26,"column":7}},"type":"if","locations":[{"start":{"line":22,"column":6},"end":{"line":26,"column":7}},{"start":{"line":24,"column":13},"end":{"line":26,"column":7}}],"line":22},"1":{"loc":{"start":{"line":24,"column":13},"end":{"line":26,"column":7}},"type":"if","locations":[{"start":{"line":24,"column":13},"end":{"line":26,"column":7}},{"start":{},"end":{}}],"line":24}},"s":{"0":6,"1":6,"2":6,"3":6,"4":2,"5":2,"6":2,"7":2,"8":1,"9":1,"10":1,"11":1,"12":0,"13":0,"14":1,"15":1,"16":2,"17":6},"f":{"0":6,"1":2},"b":{"0":[1,0],"1":[0,0]},"_coverageSchema":"1a1c01bbd47fc00a2c39e90264f33305004495a9","hash":"504ea47f0e11ccdfcd64145e8926fe3f000a2f1f"}
,"/Users/jonathanbotha/Projects/Flight Control/frontend/src/hooks/useModels.ts": {"path":"/Users/jonathanbotha/Projects/Flight Control/frontend/src/hooks/useModels.ts","statementMap":{"0":{"start":{"line":5,"column":30},"end":{"line":5,"column":52}},"1":{"start":{"line":6,"column":32},"end":{"line":6,"column":47}},"2":{"start":{"line":7,"column":28},"end":{"line":7,"column":57}},"3":{"start":{"line":9,"column":22},"end":{"line":27,"column":3}},"4":{"start":{"line":10,"column":4},"end":{"line":10,"column":21}},"5":{"start":{"line":11,"column":4},"end":{"line":11,"column":19}},"6":{"start":{"line":12,"column":4},"end":{"line":26,"column":5}},"7":{"start":{"line":13,"column":18},"end":{"line":13,"column":36}},"8":{"start":{"line":14,"column":6},"end":{"line":14,"column":21}},"9":{"start":{"line":16,"column":20},"end":{"line":16,"column":43}},"10":{"start":{"line":17,"column":6},"end":{"line":21,"column":7}},"11":{"start":{"line":18,"column":8},"end":{"line":18,"column":30}},"12":{"start":{"line":19,"column":13},"end":{"line":21,"column":7}},"13":{"start":{"line":20,"column":8},"end":{"line":20,"column":22}},"14":{"start":{"line":22,"column":6},"end":{"line":22,"column":24}},"15":{"start":{"line":23,"column":6},"end":{"line":23,"column":20}},"16":{"start":{"line":25,"column":6},"end":{"line":25,"column":24}},"17":{"start":{"line":29,"column":2},"end":{"line":29,"column":49}}},"fnMap":{"0":{"name":"useModels","decl":{"start":{"line":4,"column":16},"end":{"line":4,"column":25}},"loc":{"start":{"line":4,"column":28},"end":{"line":30,"column":1}},"line":4},"1":{"name":"(anonymous_1)","decl":{"start":{"line":9,"column":22},"end":{"line":9,"column":23}},"loc":{"start":{"line":9,"column":34},"end":{"line":27,"column":3}},"line":9}},"branchMap":{"0":{"loc":{"start":{"line":17,"column":6},"end":{"line":21,"column":7}},"type":"if","locations":[{"start":{"line":17,"column":6},"end":{"line":21,"column":7}},{"start":{"line":19,"column":13},"end":{"line":21,"column":7}}],"line":17},"1":{"loc":{"start":{"line":19,"column":13},"end":{"line":21,"column":7}},"type":"if","locations":[{"start":{"line":19,"column":13},"end":{"line":21,"column":7}},{"start":{},"end":{}}],"line":19}},"s":{"0":25,"1":25,"2":25,"3":25,"4":8,"5":8,"6":8,"7":8,"8":6,"9":1,"10":1,"11":1,"12":0,"13":0,"14":1,"15":1,"16":7,"17":25},"f":{"0":25,"1":8},"b":{"0":[1,0],"1":[0,0]},"_coverageSchema":"1a1c01bbd47fc00a2c39e90264f33305004495a9","hash":"2b45a473ba88669fb681d03be5a94c352759fc8c"}
,"/Users/jonathanbotha/Projects/Flight Control/frontend/src/pages/Dashboard.tsx": {"path":"/Users/jonathanbotha/Projects/Flight Control/frontend/src/pages/Dashboard.tsx","statementMap":{"0":{"start":{"line":9,"column":20},"end":{"line":11,"column":1}},"1":{"start":{"line":16,"column":2},"end":{"line":19,"column":4}},"2":{"start":{"line":17,"column":4},"end":{"line":17,"column":24}},"3":{"start":{"line":18,"column":4},"end":{"line":18,"column":49}},"4":{"start":{"line":18,"column":29},"end":{"line":18,"column":40}},"5":{"start":{"line":22,"column":18},"end":{"line":118,"column":1}},"6":{"start":{"line":23,"column":26},"end":{"line":23,"column":47}},"7":{"start":{"line":24,"column":32},"end":{"line":24,"column":44}},"8":{"start":{"line":25,"column":34},"end":{"line":25,"column":45}},"9":{"start":{"line":26,"column":44},"end":{"line":26,"column":64}},"10":{"start":{"line":32,"column":6},"end":{"line":32,"column":14}},"11":{"start":{"line":38,"column":6},"end":{"line":38,"column":19}},"12":{"start":{"line":40,"column":2},"end":{"line":43,"column":9}},"13":{"start":{"line":41,"column":4},"end":{"line":41,"column":18}},"14":{"start":{"line":45,"column":2},"end":{"line":49,"column":30}},"15":{"start":{"line":46,"column":4},"end":{"line":48,"column":5}},"16":{"start":{"line":47,"column":6},"end":{"line":47,"column":34}},"17":{"start":{"line":52,"column":2},"end":{"line":58,"column":28}},"18":{"start":{"line":53,"column":22},"end":{"line":53,"column":44}},"19":{"start":{"line":54,"column":4},"end":{"line":56,"column":5}},"20":{"start":{"line":55,"column":6},"end":{"line":55,"column":37}},"21":{"start":{"line":60,"column":22},"end":{"line":64,"column":3}},"22":{"start":{"line":61,"column":4},"end":{"line":63,"column":5}},"23":{"start":{"line":62,"column":6},"end":{"line":62,"column":21}},"24":{"start":{"line":66,"column":2},"end":{"line":117,"column":4}},"25":{"start":{"line":84,"column":29},"end":{"line":84,"column":55}}},"fnMap":{"0":{"name":"debounce","decl":{"start":{"line":14,"column":9},"end":{"line":14,"column":17}},"loc":{"start":{"line":14,"column":76},"end":{"line":20,"column":1}},"line":14},"1":{"name":"(anonymous_1)","decl":{"start":{"line":16,"column":9},"end":{"line":16,"column":10}},"loc":{"start":{"line":16,"column":37},"end":{"line":19,"column":3}},"line":16},"2":{"name":"(anonymous_2)","decl":{"start":{"line":18,"column":23},"end":{"line":18,"column":24}},"loc":{"start":{"line":18,"column":29},"end":{"line":18,"column":40}},"line":18},"3":{"name":"(anonymous_3)","decl":{"start":{"line":22,"column":18},"end":{"line":22,"column":19}},"loc":{"start":{"line":22,"column":24},"end":{"line":118,"column":1}},"line":22},"4":{"name":"(anonymous_4)","decl":{"start":{"line":40,"column":12},"end":{"line":40,"column":13}},"loc":{"start":{"line":40,"column":18},"end":{"line":43,"column":3}},"line":40},"5":{"name":"(anonymous_5)","decl":{"start":{"line":45,"column":12},"end":{"line":45,"column":13}},"loc":{"start":{"line":45,"column":18},"end":{"line":49,"column":3}},"line":45},"6":{"name":"(anonymous_6)","decl":{"start":{"line":52,"column":12},"end":{"line":52,"column":13}},"loc":{"start":{"line":52,"column":18},"end":{"line":58,"column":3}},"line":52},"7":{"name":"(anonymous_7)","decl":{"start":{"line":60,"column":22},"end":{"line":60,"column":23}},"loc":{"start":{"line":60,"column":28},"end":{"line":64,"column":3}},"line":60},"8":{"name":"(anonymous_8)","decl":{"start":{"line":84,"column":22},"end":{"line":84,"column":23}},"loc":{"start":{"line":84,"column":29},"end":{"line":84,"column":55}},"line":84}},"branchMap":{"0":{"loc":{"start":{"line":46,"column":4},"end":{"line":48,"column":5}},"type":"if","locations":[{"start":{"line":46,"column":4},"end":{"line":48,"column":5}},{"start":{},"end":{}}],"line":46},"1":{"loc":{"start":{"line":46,"column":8},"end":{"line":46,"column":43}},"type":"binary-expr","locations":[{"start":{"line":46,"column":8},"end":{"line":46,"column":25}},{"start":{"line":46,"column":29},"end":{"line":46,"column":43}}],"line":46},"2":{"loc":{"start":{"line":54,"column":4},"end":{"line":56,"column":5}},"type":"if","locations":[{"start":{"line":54,"column":4},"end":{"line":56,"column":5}},{"start":{},"end":{}}],"line":54},"3":{"loc":{"start":{"line":54,"column":8},"end":{"line":54,"column":56}},"type":"binary-expr","locations":[{"start":{"line":54,"column":8},"end":{"line":54,"column":12}},{"start":{"line":54,"column":16},"end":{"line":54,"column":39}},{"start":{"line":54,"column":43},"end":{"line":54,"column":56}}],"line":54},"4":{"loc":{"start":{"line":61,"column":4},"end":{"line":63,"column":5}},"type":"if","locations":[{"start":{"line":61,"column":4},"end":{"line":63,"column":5}},{"start":{},"end":{}}],"line":61},"5":{"loc":{"start":{"line":90,"column":22},"end":{"line":90,"column":51}},"type":"binary-expr","locations":[{"start":{"line":90,"column":22},"end":{"line":90,"column":32}},{"start":{"line":90,"column":36},"end":{"line":90,"column":51}}],"line":90},"6":{"loc":{"start":{"line":92,"column":13},"end":{"line":92,"column":48}},"type":"cond-expr","locations":[{"start":{"line":92,"column":26},"end":{"line":92,"column":38}},{"start":{"line":92,"column":41},"end":{"line":92,"column":48}}],"line":92},"7":{"loc":{"start":{"line":95,"column":9},"end":{"line":95,"column":72}},"type":"binary-expr","locations":[{"start":{"line":95,"column":9},"end":{"line":95,"column":17}},{"start":{"line":95,"column":21},"end":{"line":95,"column":72}}],"line":95},"8":{"loc":{"start":{"line":96,"column":9},"end":{"line":98,"column":9}},"type":"binary-expr","locations":[{"start":{"line":96,"column":9},"end":{"line":96,"column":18}},{"start":{"line":96,"column":22},"end":{"line":96,"column":39}},{"start":{"line":97,"column":10},"end":{"line":97,"column":80}}],"line":96},"9":{"loc":{"start":{"line":102,"column":9},"end":{"line":104,"column":9}},"type":"binary-expr","locations":[{"start":{"line":102,"column":9},"end":{"line":102,"column":24}},{"start":{"line":103,"column":10},"end":{"line":103,"column":64}}],"line":102},"10":{"loc":{"start":{"line":105,"column":9},"end":{"line":107,"column":9}},"type":"binary-expr","locations":[{"start":{"line":105,"column":9},"end":{"line":105,"column":22}},{"start":{"line":106,"column":10},"end":{"line":106,"column":66}}],"line":105},"11":{"loc":{"start":{"line":108,"column":9},"end":{"line":114,"column":9}},"type":"binary-expr","locations":[{"start":{"line":108,"column":9},"end":{"line":108,"column":23}},{"start":{"line":109,"column":10},"end":{"line":113,"column":16}}],"line":108}},"s":{"0":2,"1":10,"2":4,"3":4,"4":0,"5":2,"6":23,"7":21,"8":21,"9":21,"10":21,"11":21,"12":21,"13":6,"14":21,"15":14,"16":4,"17":21,"18":10,"19":10,"20":4,"21":21,"22":0,"23":0,"24":21,"25":1},"f":{"0":10,"1":4,"2":0,"3":23,"4":6,"5":14,"6":10,"7":0,"8":1},"b":{"0":[4,10],"1":[14,8],"2":[4,6],"3":[10,10,10],"4":[0,0],"5":[21,21],"6":[0,21],"7":[21,0],"8":[21,0,0],"9":[21,0],"10":[21,0],"11":[21,19]},"_coverageSchema":"1a1c01bbd47fc00a2c39e90264f33305004495a9","hash":"ca2b76e4c4a9d60d09a9b3d665e66b536dc71e9f"}
,"/Users/jonathanbotha/Projects/Flight Control/frontend/src/pages/DocsPortal.tsx": {"path":"/Users/jonathanbotha/Projects/Flight Control/frontend/src/pages/DocsPortal.tsx","statementMap":{"0":{"start":{"line":3,"column":13},"end":{"line":10,"column":1}},"1":{"start":{"line":12,"column":22},"end":{"line":12,"column":71}},"2":{"start":{"line":14,"column":19},"end":{"line":45,"column":1}},"3":{"start":{"line":15,"column":2},"end":{"line":44,"column":8}},"4":{"start":{"line":30,"column":10},"end":{"line":40,"column":15}}},"fnMap":{"0":{"name":"(anonymous_0)","decl":{"start":{"line":14,"column":19},"end":{"line":14,"column":20}},"loc":{"start":{"line":15,"column":2},"end":{"line":44,"column":8}},"line":15},"1":{"name":"(anonymous_1)","decl":{"start":{"line":29,"column":18},"end":{"line":29,"column":19}},"loc":{"start":{"line":30,"column":10},"end":{"line":40,"column":15}},"line":30}},"branchMap":{},"s":{"0":2,"1":2,"2":2,"3":1,"4":6},"f":{"0":1,"1":6},"b":{},"_coverageSchema":"1a1c01bbd47fc00a2c39e90264f33305004495a9","hash":"2806ebb28fadbe7d1dd9ae9b8bb532f63a4a608b"}
,"/Users/jonathanbotha/Projects/Flight Control/frontend/src/pages/Login.tsx": {"path":"/Users/jonathanbotha/Projects/Flight Control/frontend/src/pages/Login.tsx","statementMap":{"0":{"start":{"line":3,"column":14},"end":{"line":22,"column":1}},"1":{"start":{"line":4,"column":2},"end":{"line":21,"column":8}}},"fnMap":{"0":{"name":"(anonymous_0)","decl":{"start":{"line":3,"column":14},"end":{"line":3,"column":15}},"loc":{"start":{"line":4,"column":2},"end":{"line":21,"column":8}},"line":4}},"branchMap":{},"s":{"0":2,"1":1},"f":{"0":1},"b":{},"_coverageSchema":"1a1c01bbd47fc00a2c39e90264f33305004495a9","hash":"b028ef2124edb908a6cd917e28d4bb39100ffdf1"}
,"/Users/jonathanbotha/Projects/Flight Control/frontend/src/pages/Settings.tsx": {"path":"/Users/jonathanbotha/Projects/Flight Control/frontend/src/pages/Settings.tsx","statementMap":{"0":{"start":{"line":14,"column":42},"end":{"line":109,"column":1}},"1":{"start":{"line":18,"column":30},"end":{"line":18,"column":52}},"2":{"start":{"line":19,"column":32},"end":{"line":19,"column":46}},"3":{"start":{"line":20,"column":28},"end":{"line":20,"column":57}},"4":{"start":{"line":21,"column":28},"end":{"line":21,"column":40}},"5":{"start":{"line":22,"column":30},"end":{"line":22,"column":45}},"6":{"start":{"line":23,"column":36},"end":{"line":23,"column":65}},"7":{"start":{"line":25,"column":2},"end":{"line":41,"column":9}},"8":{"start":{"line":26,"column":4},"end":{"line":37,"column":40}},"9":{"start":{"line":29,"column":22},"end":{"line":29,"column":45}},"10":{"start":{"line":30,"column":8},"end":{"line":34,"column":9}},"11":{"start":{"line":31,"column":10},"end":{"line":31,"column":32}},"12":{"start":{"line":32,"column":15},"end":{"line":34,"column":9}},"13":{"start":{"line":33,"column":10},"end":{"line":33,"column":24}},"14":{"start":{"line":35,"column":8},"end":{"line":35,"column":26}},"15":{"start":{"line":37,"column":21},"end":{"line":37,"column":38}},"16":{"start":{"line":38,"column":4},"end":{"line":40,"column":7}},"17":{"start":{"line":39,"column":6},"end":{"line":39,"column":37}},"18":{"start":{"line":43,"column":21},"end":{"line":53,"column":3}},"19":{"start":{"line":44,"column":4},"end":{"line":44,"column":20}},"20":{"start":{"line":45,"column":4},"end":{"line":45,"column":23}},"21":{"start":{"line":46,"column":4},"end":{"line":52,"column":5}},"22":{"start":{"line":47,"column":6},"end":{"line":47,"column":44}},"23":{"start":{"line":49,"column":6},"end":{"line":49,"column":46}},"24":{"start":{"line":51,"column":6},"end":{"line":51,"column":23}},"25":{"start":{"line":55,"column":2},"end":{"line":108,"column":4}},"26":{"start":{"line":71,"column":29},"end":{"line":71,"column":58}},"27":{"start":{"line":75,"column":14},"end":{"line":77,"column":23}},"28":{"start":{"line":91,"column":27},"end":{"line":91,"column":51}}},"fnMap":{"0":{"name":"(anonymous_0)","decl":{"start":{"line":14,"column":42},"end":{"line":14,"column":43}},"loc":{"start":{"line":17,"column":6},"end":{"line":109,"column":1}},"line":17},"1":{"name":"(anonymous_1)","decl":{"start":{"line":25,"column":12},"end":{"line":25,"column":13}},"loc":{"start":{"line":25,"column":18},"end":{"line":41,"column":3}},"line":25},"2":{"name":"(anonymous_2)","decl":{"start":{"line":28,"column":13},"end":{"line":28,"column":14}},"loc":{"start":{"line":28,"column":31},"end":{"line":36,"column":7}},"line":28},"3":{"name":"(anonymous_3)","decl":{"start":{"line":37,"column":15},"end":{"line":37,"column":16}},"loc":{"start":{"line":37,"column":21},"end":{"line":37,"column":38}},"line":37},"4":{"name":"(anonymous_4)","decl":{"start":{"line":38,"column":31},"end":{"line":38,"column":32}},"loc":{"start":{"line":38,"column":64},"end":{"line":40,"column":5}},"line":38},"5":{"name":"(anonymous_5)","decl":{"start":{"line":43,"column":21},"end":{"line":43,"column":22}},"loc":{"start":{"line":43,"column":33},"end":{"line":53,"column":3}},"line":43},"6":{"name":"(anonymous_6)","decl":{"start":{"line":71,"column":22},"end":{"line":71,"column":23}},"loc":{"start":{"line":71,"column":29},"end":{"line":71,"column":58}},"line":71},"7":{"name":"(anonymous_7)","decl":{"start":{"line":74,"column":24},"end":{"line":74,"column":25}},"loc":{"start":{"line":75,"column":14},"end":{"line":77,"column":23}},"line":75},"8":{"name":"(anonymous_8)","decl":{"start":{"line":91,"column":20},"end":{"line":91,"column":21}},"loc":{"start":{"line":91,"column":27},"end":{"line":91,"column":51}},"line":91}},"branchMap":{"0":{"loc":{"start":{"line":30,"column":8},"end":{"line":34,"column":9}},"type":"if","locations":[{"start":{"line":30,"column":8},"end":{"line":34,"column":9}},{"start":{"line":32,"column":15},"end":{"line":34,"column":9}}],"line":30},"1":{"loc":{"start":{"line":32,"column":15},"end":{"line":34,"column":9}},"type":"if","locations":[{"start":{"line":32,"column":15},"end":{"line":34,"column":9}},{"start":{},"end":{}}],"line":32},"2":{"loc":{"start":{"line":39,"column":15},"end":{"line":39,"column":35}},"type":"binary-expr","locations":[{"start":{"line":39,"column":15},"end":{"line":39,"column":29}},{"start":{"line":39,"column":33},"end":{"line":39,"column":35}}],"line":39},"3":{"loc":{"start":{"line":62,"column":9},"end":{"line":80,"column":9}},"type":"cond-expr","locations":[{"start":{"line":63,"column":10},"end":{"line":63,"column":38}},{"start":{"line":64,"column":12},"end":{"line":80,"column":9}}],"line":62},"4":{"loc":{"start":{"line":64,"column":12},"end":{"line":80,"column":9}},"type":"cond-expr","locations":[{"start":{"line":65,"column":10},"end":{"line":65,"column":53}},{"start":{"line":67,"column":10},"end":{"line":79,"column":19}}],"line":64},"5":{"loc":{"start":{"line":102,"column":11},"end":{"line":102,"column":40}},"type":"cond-expr","locations":[{"start":{"line":102,"column":20},"end":{"line":102,"column":31}},{"start":{"line":102,"column":34},"end":{"line":102,"column":40}}],"line":102},"6":{"loc":{"start":{"line":104,"column":9},"end":{"line":104,"column":74}},"type":"binary-expr","locations":[{"start":{"line":104,"column":9},"end":{"line":104,"column":18}},{"start":{"line":104,"column":22},"end":{"line":104,"column":74}}],"line":104}},"s":{"0":3,"1":43,"2":43,"3":43,"4":43,"5":43,"6":43,"7":43,"8":14,"9":1,"10":1,"11":1,"12":0,"13":0,"14":1,"15":12,"16":14,"17":14,"18":43,"19":2,"20":2,"21":2,"22":2,"23":1,"24":2,"25":43,"26":1,"27":21,"28":2},"f":{"0":43,"1":14,"2":1,"3":12,"4":14,"5":2,"6":1,"7":21,"8":2},"b":{"0":[1,0],"1":[0,0],"2":[14,5],"3":[21,22],"4":[1,21],"5":[2,41],"6":[43,1]},"_coverageSchema":"1a1c01bbd47fc00a2c39e90264f33305004495a9","hash":"9dfc893f29717c847151e2e2051301a4c19b6f22"}
,"/Users/jonathanbotha/Projects/Flight Control/frontend/src/services/apiClient.ts": {"path":"/Users/jonathanbotha/Projects/Flight Control/frontend/src/services/apiClient.ts","statementMap":{"0":{"start":{"line":3,"column":19},"end":{"line":3,"column":70}},"1":{"start":{"line":5,"column":18},"end":{"line":7,"column":2}},"2":{"start":{"line":29,"column":2},"end":{"line":45,"column":3}},"3":{"start":{"line":30,"column":20},"end":{"line":30,"column":64}},"4":{"start":{"line":31,"column":4},"end":{"line":31,"column":37}},"5":{"start":{"line":31,"column":15},"end":{"line":31,"column":37}},"6":{"start":{"line":32,"column":21},"end":{"line":32,"column":67}},"7":{"start":{"line":33,"column":4},"end":{"line":33,"column":50}},"8":{"start":{"line":35,"column":4},"end":{"line":43,"column":5}},"9":{"start":{"line":42,"column":6},"end":{"line":42,"column":73}},"10":{"start":{"line":44,"column":4},"end":{"line":44,"column":39}},"11":{"start":{"line":54,"column":2},"end":{"line":68,"column":3}},"12":{"start":{"line":55,"column":21},"end":{"line":55,"column":64}},"13":{"start":{"line":56,"column":4},"end":{"line":56,"column":47}},"14":{"start":{"line":58,"column":4},"end":{"line":66,"column":5}},"15":{"start":{"line":65,"column":6},"end":{"line":65,"column":74}},"16":{"start":{"line":67,"column":4},"end":{"line":67,"column":40}},"17":{"start":{"line":76,"column":2},"end":{"line":90,"column":3}},"18":{"start":{"line":77,"column":21},"end":{"line":77,"column":56}},"19":{"start":{"line":78,"column":4},"end":{"line":78,"column":44}},"20":{"start":{"line":80,"column":4},"end":{"line":88,"column":5}},"21":{"start":{"line":87,"column":6},"end":{"line":87,"column":79}},"22":{"start":{"line":89,"column":4},"end":{"line":89,"column":45}}},"fnMap":{"0":{"name":"runAnalysis","decl":{"start":{"line":25,"column":22},"end":{"line":25,"column":33}},"loc":{"start":{"line":28,"column":27},"end":{"line":46,"column":1}},"line":28},"1":{"name":"cloneRepo","decl":{"start":{"line":53,"column":22},"end":{"line":53,"column":31}},"loc":{"start":{"line":53,"column":67},"end":{"line":69,"column":1}},"line":53},"2":{"name":"listModels","decl":{"start":{"line":75,"column":22},"end":{"line":75,"column":32}},"loc":{"start":{"line":75,"column":54},"end":{"line":91,"column":1}},"line":75}},"branchMap":{"0":{"loc":{"start":{"line":3,"column":19},"end":{"line":3,"column":70}},"type":"binary-expr","locations":[{"start":{"line":3,"column":19},"end":{"line":3,"column":43}},{"start":{"line":3,"column":47},"end":{"line":3,"column":70}}],"line":3},"1":{"loc":{"start":{"line":31,"column":4},"end":{"line":31,"column":37}},"type":"if","locations":[{"start":{"line":31,"column":4},"end":{"line":31,"column":37}},{"start":{},"end":{}}],"line":31},"2":{"loc":{"start":{"line":35,"column":4},"end":{"line":43,"column":5}},"type":"if","locations":[{"start":{"line":35,"column":4},"end":{"line":43,"column":5}},{"start":{},"end":{}}],"line":35},"3":{"loc":{"start":{"line":36,"column":6},"end":{"line":39,"column":25}},"type":"binary-expr","locations":[{"start":{"line":36,"column":6},"end":{"line":36,"column":11}},{"start":{"line":37,"column":6},"end":{"line":37,"column":31}},{"start":{"line":38,"column":6},"end":{"line":38,"column":20}},{"start":{"line":39,"column":6},"end":{"line":39,"column":25}}],"line":36},"4":{"loc":{"start":{"line":42,"column":22},"end":{"line":42,"column":71}},"type":"binary-expr","locations":[{"start":{"line":42,"column":22},"end":{"line":42,"column":50}},{"start":{"line":42,"column":54},"end":{"line":42,"column":71}}],"line":42},"5":{"loc":{"start":{"line":58,"column":4},"end":{"line":66,"column":5}},"type":"if","locations":[{"start":{"line":58,"column":4},"end":{"line":66,"column":5}},{"start":{},"end":{}}],"line":58},"6":{"loc":{"start":{"line":59,"column":6},"end":{"line":62,"column":25}},"type":"binary-expr","locations":[{"start":{"line":59,"column":6},"end":{"line":59,"column":11}},{"start":{"line":60,"column":6},"end":{"line":60,"column":31}},{"start":{"line":61,"column":6},"end":{"line":61,"column":20}},{"start":{"line":62,"column":6},"end":{"line":62,"column":25}}],"line":59},"7":{"loc":{"start":{"line":65,"column":22},"end":{"line":65,"column":72}},"type":"binary-expr","locations":[{"start":{"line":65,"column":22},"end":{"line":65,"column":50}},{"start":{"line":65,"column":54},"end":{"line":65,"column":72}}],"line":65},"8":{"loc":{"start":{"line":80,"column":4},"end":{"line":88,"column":5}},"type":"if","locations":[{"start":{"line":80,"column":4},"end":{"line":88,"column":5}},{"start":{},"end":{}}],"line":80},"9":{"loc":{"start":{"line":81,"column":6},"end":{"line":84,"column":25}},"type":"binary-expr","locations":[{"start":{"line":81,"column":6},"end":{"line":81,"column":11}},{"start":{"line":82,"column":6},"end":{"line":82,"column":31}},{"start":{"line":83,"column":6},"end":{"line":83,"column":20}},{"start":{"line":84,"column":6},"end":{"line":84,"column":25}}],"line":81},"10":{"loc":{"start":{"line":87,"column":22},"end":{"line":87,"column":77}},"type":"binary-expr","locations":[{"start":{"line":87,"column":22},"end":{"line":87,"column":50}},{"start":{"line":87,"column":54},"end":{"line":87,"column":77}}],"line":87}},"s":{"0":9,"1":9,"2":0,"3":0,"4":0,"5":0,"6":0,"7":0,"8":0,"9":0,"10":0,"11":0,"12":0,"13":0,"14":0,"15":0,"16":0,"17":2,"18":2,"19":0,"20":0,"21":0,"22":0},"f":{"0":0,"1":0,"2":2},"b":{"0":[9,9],"1":[0,0],"2":[0,0],"3":[0,0,0,0],"4":[0,0],"5":[0,0],"6":[0,0,0,0],"7":[0,0],"8":[0,0],"9":[0,0,0,0],"10":[0,0]},"_coverageSchema":"1a1c01bbd47fc00a2c39e90264f33305004495a9","hash":"282ef1ebdf4329bbbe0ad10e43a1f774e151691c"}
,"/Users/jonathanbotha/Projects/Flight Control/frontend/src/services/authService.ts": {"path":"/Users/jonathanbotha/Projects/Flight Control/frontend/src/services/authService.ts","statementMap":{"0":{"start":{"line":3,"column":2},"end":{"line":3,"column":39}},"1":{"start":{"line":8,"column":2},"end":{"line":8,"column":27}}},"fnMap":{"0":{"name":"login","decl":{"start":{"line":1,"column":16},"end":{"line":1,"column":21}},"loc":{"start":{"line":1,"column":40},"end":{"line":4,"column":1}},"line":1},"1":{"name":"logout","decl":{"start":{"line":6,"column":16},"end":{"line":6,"column":22}},"loc":{"start":{"line":6,"column":25},"end":{"line":9,"column":1}},"line":6}},"branchMap":{},"s":{"0":1,"1":1},"f":{"0":1,"1":1},"b":{},"_coverageSchema":"1a1c01bbd47fc00a2c39e90264f33305004495a9","hash":"90b870e5d58a5c52e297a6bc17d01a32b9aed737"}
,"/Users/jonathanbotha/Projects/Flight Control/frontend/src/services/gitService.ts": {"path":"/Users/jonathanbotha/Projects/Flight Control/frontend/src/services/gitService.ts","statementMap":{"0":{"start":{"line":14,"column":2},"end":{"line":34,"column":3}},"1":{"start":{"line":15,"column":21},"end":{"line":15,"column":64}},"2":{"start":{"line":16,"column":4},"end":{"line":16,"column":47}},"3":{"start":{"line":18,"column":4},"end":{"line":32,"column":5}},"4":{"start":{"line":26,"column":8},"end":{"line":30,"column":21}},"5":{"start":{"line":31,"column":6},"end":{"line":31,"column":52}},"6":{"start":{"line":33,"column":4},"end":{"line":33,"column":40}}},"fnMap":{"0":{"name":"cloneRepo","decl":{"start":{"line":13,"column":22},"end":{"line":13,"column":31}},"loc":{"start":{"line":13,"column":67},"end":{"line":35,"column":1}},"line":13}},"branchMap":{"0":{"loc":{"start":{"line":18,"column":4},"end":{"line":32,"column":5}},"type":"if","locations":[{"start":{"line":18,"column":4},"end":{"line":32,"column":5}},{"start":{},"end":{}}],"line":18},"1":{"loc":{"start":{"line":19,"column":6},"end":{"line":22,"column":25}},"type":"binary-expr","locations":[{"start":{"line":19,"column":6},"end":{"line":19,"column":11}},{"start":{"line":20,"column":6},"end":{"line":20,"column":31}},{"start":{"line":21,"column":6},"end":{"line":21,"column":20}},{"start":{"line":22,"column":6},"end":{"line":22,"column":25}}],"line":19},"2":{"loc":{"start":{"line":26,"column":8},"end":{"line":30,"column":21}},"type":"cond-expr","locations":[{"start":{"line":29,"column":12},"end":{"line":29,"column":75}},{"start":{"line":30,"column":12},"end":{"line":30,"column":21}}],"line":26},"3":{"loc":{"start":{"line":26,"column":8},"end":{"line":28,"column":32}},"type":"binary-expr","locations":[{"start":{"line":26,"column":8},"end":{"line":26,"column":22}},{"start":{"line":27,"column":8},"end":{"line":27,"column":42}},{"start":{"line":28,"column":8},"end":{"line":28,"column":32}}],"line":26},"4":{"loc":{"start":{"line":31,"column":22},"end":{"line":31,"column":50}},"type":"binary-expr","locations":[{"start":{"line":31,"column":22},"end":{"line":31,"column":28}},{"start":{"line":31,"column":32},"end":{"line":31,"column":50}}],"line":31}},"s":{"0":0,"1":0,"2":0,"3":0,"4":0,"5":0,"6":0},"f":{"0":0},"b":{"0":[0,0],"1":[0,0,0,0],"2":[0,0],"3":[0,0,0],"4":[0,0]},"_coverageSchema":"1a1c01bbd47fc00a2c39e90264f33305004495a9","hash":"4506783bbaeb7a3fcbd0f5312036dba751286d12"}
,"/Users/jonathanbotha/Projects/Flight Control/frontend/src/services/modelsService.ts": {"path":"/Users/jonathanbotha/Projects/Flight Control/frontend/src/services/modelsService.ts","statementMap":{"0":{"start":{"line":8,"column":2},"end":{"line":8,"column":25}}},"fnMap":{"0":{"name":"listModels","decl":{"start":{"line":7,"column":22},"end":{"line":7,"column":32}},"loc":{"start":{"line":7,"column":54},"end":{"line":9,"column":1}},"line":7}},"branchMap":{},"s":{"0":2},"f":{"0":2},"b":{},"_coverageSchema":"1a1c01bbd47fc00a2c39e90264f33305004495a9","hash":"3a80e7e85c13a929c731f2f686f95d10e36ecbc9"}
,"/Users/jonathanbotha/Projects/Flight Control/frontend/src/services/settingsService.ts": {"path":"/Users/jonathanbotha/Projects/Flight Control/frontend/src/services/settingsService.ts","statementMap":{"0":{"start":{"line":7,"column":14},"end":{"line":7,"column":47}},"1":{"start":{"line":8,"column":2},"end":{"line":8,"column":68}},"2":{"start":{"line":8,"column":15},"end":{"line":8,"column":68}},"3":{"start":{"line":9,"column":2},"end":{"line":9,"column":20}},"4":{"start":{"line":15,"column":14},"end":{"line":19,"column":4}},"5":{"start":{"line":20,"column":2},"end":{"line":20,"column":58}},"6":{"start":{"line":20,"column":15},"end":{"line":20,"column":58}}},"fnMap":{"0":{"name":"getAdvancedSettings","decl":{"start":{"line":6,"column":22},"end":{"line":6,"column":41}},"loc":{"start":{"line":6,"column":71},"end":{"line":10,"column":1}},"line":6},"1":{"name":"saveAdvancedSettings","decl":{"start":{"line":12,"column":22},"end":{"line":12,"column":42}},"loc":{"start":{"line":14,"column":17},"end":{"line":21,"column":1}},"line":14}},"branchMap":{"0":{"loc":{"start":{"line":8,"column":2},"end":{"line":8,"column":68}},"type":"if","locations":[{"start":{"line":8,"column":2},"end":{"line":8,"column":68}},{"start":{},"end":{}}],"line":8},"1":{"loc":{"start":{"line":20,"column":2},"end":{"line":20,"column":58}},"type":"if","locations":[{"start":{"line":20,"column":2},"end":{"line":20,"column":58}},{"start":{},"end":{}}],"line":20}},"s":{"0":6,"1":6,"2":0,"3":6,"4":0,"5":0,"6":0},"f":{"0":6,"1":0},"b":{"0":[0,6],"1":[0,0]},"_coverageSchema":"1a1c01bbd47fc00a2c39e90264f33305004495a9","hash":"5c6d00768f811df2744d242078657ab8e0f18ff9"}
,"/Users/jonathanbotha/Projects/Flight Control/frontend/src/utils/env.ts": {"path":"/Users/jonathanbotha/Projects/Flight Control/frontend/src/utils/env.ts","statementMap":{"0":{"start":{"line":2,"column":2},"end":{"line":4,"column":3}},"1":{"start":{"line":3,"column":4},"end":{"line":3,"column":28}},"2":{"start":{"line":5,"column":2},"end":{"line":5,"column":19}}},"fnMap":{"0":{"name":"getEnv","decl":{"start":{"line":1,"column":16},"end":{"line":1,"column":22}},"loc":{"start":{"line":1,"column":56},"end":{"line":6,"column":1}},"line":1}},"branchMap":{"0":{"loc":{"start":{"line":2,"column":2},"end":{"line":4,"column":3}},"type":"if","locations":[{"start":{"line":2,"column":2},"end":{"line":4,"column":3}},{"start":{},"end":{}}],"line":2},"1":{"loc":{"start":{"line":2,"column":6},"end":{"line":2,"column":73}},"type":"binary-expr","locations":[{"start":{"line":2,"column":6},"end":{"line":2,"column":36}},{"start":{"line":2,"column":40},"end":{"line":2,"column":51}},{"start":{"line":2,"column":55},"end":{"line":2,"column":73}}],"line":2}},"s":{"0":3,"1":1,"2":2},"f":{"0":3},"b":{"0":[1,2],"1":[3,2,2]},"_coverageSchema":"1a1c01bbd47fc00a2c39e90264f33305004495a9","hash":"4b76657d58cac0743eaffc36d43c2f8ebdacbda9"}
}
