TN:
SF:src/App.tsx
FN:14,(anonymous_0)
FN:20,(anonymous_1)
FN:26,(anonymous_2)
FN:28,(anonymous_3)
FN:32,(anonymous_4)
FN:33,(anonymous_5)
FN:37,(anonymous_6)
FN:43,(anonymous_7)
FN:49,(anonymous_8)
FN:51,(anonymous_9)
FN:60,(anonymous_10)
FN:68,(anonymous_11)
FN:117,(anonymous_12)
FN:120,(anonymous_13)
FNF:14
FNH:6
FNDA:2,(anonymous_0)
FNDA:0,(anonymous_1)
FNDA:1,(anonymous_2)
FNDA:1,(anonymous_3)
FNDA:1,(anonymous_4)
FNDA:1,(anonymous_5)
FNDA:1,(anonymous_6)
FNDA:0,(anonymous_7)
FNDA:0,(anonymous_8)
FNDA:0,(anonymous_9)
FNDA:0,(anonymous_10)
FNDA:0,(anonymous_11)
FNDA:0,(anonymous_12)
FNDA:0,(anonymous_13)
DA:14,1
DA:15,2
DA:16,1
DA:17,1
DA:20,1
DA:21,0
DA:22,0
DA:26,1
DA:27,1
DA:28,1
DA:32,1
DA:33,1
DA:34,1
DA:35,1
DA:36,1
DA:37,1
DA:38,1
DA:39,1
DA:43,1
DA:44,0
DA:50,0
DA:51,0
DA:53,0
DA:56,0
DA:58,0
DA:61,0
DA:62,0
DA:70,0
DA:73,0
DA:86,0
DA:89,1
DA:117,0
DA:120,0
LF:33
LH:18
BRDA:21,0,0,0
BRDA:21,0,1,0
BRDA:21,1,0,0
BRDA:21,1,1,0
BRDA:21,1,2,0
BRDA:21,1,3,0
BRDA:50,2,0,0
BRDA:50,2,1,0
BRDA:53,3,0,0
BRDA:53,3,1,0
BRDA:53,4,0,0
BRDA:53,4,1,0
BRDA:53,4,2,0
BRDA:56,5,0,0
BRDA:56,5,1,0
BRDA:61,6,0,0
BRDA:61,6,1,0
BRDA:70,7,0,0
BRDA:70,7,1,0
BRDA:70,8,0,0
BRDA:70,8,1,0
BRDA:70,8,2,0
BRDA:73,9,0,0
BRDA:73,9,1,0
BRDA:73,9,2,0
BRDA:91,10,0,1
BRDA:91,10,1,0
BRDA:102,11,0,0
BRDA:102,11,1,1
BRF:29
BRH:2
end_of_record
TN:
SF:src/test-utils.tsx
FN:12,renderWithProviders
FN:20,(anonymous_1)
FN:28,renderWithAuth
FN:32,renderWithAnalysis
FNF:4
FNH:1
FNDA:0,renderWithProviders
FNDA:0,(anonymous_1)
FNDA:2,renderWithAuth
FNDA:0,renderWithAnalysis
DA:20,0
DA:21,0
DA:25,0
DA:29,2
DA:33,0
LF:5
LH:1
BRDA:14,0,0,0
BRDA:15,1,0,0
BRDA:16,2,0,0
BRF:3
BRH:0
end_of_record
TN:
SF:src/components/CodeEditor.tsx
FN:14,registerPythonLanguage
FN:22,createPythonModel
FN:61,(anonymous_2)
FN:69,(anonymous_3)
FN:79,(anonymous_4)
FN:86,(anonymous_5)
FN:94,(anonymous_6)
FNF:7
FNH:7
FNDA:16,registerPythonLanguage
FNDA:16,createPythonModel
FNDA:31,(anonymous_2)
FNDA:16,(anonymous_3)
FNDA:1,(anonymous_4)
FNDA:15,(anonymous_5)
FNDA:15,(anonymous_6)
DA:15,16
DA:23,16
DA:61,3
DA:66,31
DA:67,31
DA:69,31
DA:70,16
DA:71,16
DA:72,16
DA:73,16
DA:79,15
DA:80,1
DA:81,1
DA:86,15
DA:87,15
DA:88,15
DA:89,15
DA:94,31
DA:95,15
DA:96,15
DA:102,31
LF:21
LH:21
BRDA:71,0,0,16
BRDA:71,0,1,0
BRDA:71,1,0,16
BRDA:71,1,1,16
BRDA:80,2,0,1
BRDA:80,2,1,0
BRDA:87,3,0,15
BRDA:87,3,1,0
BRDA:95,4,0,15
BRDA:95,4,1,0
BRDA:95,5,0,15
BRDA:95,5,1,15
BRDA:109,6,0,31
BRDA:109,6,1,1
BRF:14
BRH:10
end_of_record
TN:
SF:src/components/DiffViewer.tsx
FN:3,diffLines
FN:42,(anonymous_1)
FN:54,(anonymous_2)
FNF:3
FNH:3
FNDA:3,diffLines
FNDA:3,(anonymous_1)
FNDA:4,(anonymous_2)
DA:4,3
DA:5,3
DA:6,3
DA:7,3
DA:8,3
DA:9,4
DA:10,2
DA:16,2
DA:17,0
DA:23,2
DA:24,0
DA:31,2
DA:39,3
DA:42,1
DA:49,3
DA:50,3
DA:55,4
DA:56,2
DA:58,2
DA:59,0
DA:65,2
DA:66,0
DA:72,2
DA:73,2
DA:88,0
LF:25
LH:20
BRDA:9,0,0,2
BRDA:9,0,1,2
BRDA:12,1,0,2
BRDA:12,1,1,0
BRDA:13,2,0,2
BRDA:13,2,1,0
BRDA:16,3,0,0
BRDA:16,3,1,2
BRDA:20,4,0,0
BRDA:20,4,1,0
BRDA:23,5,0,0
BRDA:23,5,1,2
BRDA:26,6,0,0
BRDA:26,6,1,0
BRDA:33,7,0,2
BRDA:33,7,1,0
BRDA:34,8,0,2
BRDA:34,8,1,0
BRDA:55,9,0,2
BRDA:55,9,1,2
BRDA:58,10,0,0
BRDA:58,10,1,2
BRDA:65,11,0,0
BRDA:65,11,1,2
BRDA:72,12,0,2
BRDA:72,12,1,0
BRF:26
BRH:13
end_of_record
TN:
SF:src/components/FeedbackButton.tsx
FN:7,FeedbackButton
FNF:1
FNH:1
FNDA:2,FeedbackButton
DA:8,2
LF:1
LH:1
BRF:0
BRH:0
end_of_record
TN:
SF:src/components/FeedbackModal.tsx
FN:17,FeedbackModal
FN:23,(anonymous_1)
FN:27,handleKeyDown
FN:50,(anonymous_3)
FN:53,(anonymous_4)
FN:70,(anonymous_5)
FN:189,(anonymous_6)
FNF:7
FNH:6
FNDA:9,FeedbackModal
FNDA:7,(anonymous_1)
FNDA:0,handleKeyDown
FNDA:7,(anonymous_3)
FNDA:2,(anonymous_4)
FNDA:2,(anonymous_5)
FNDA:28,(anonymous_6)
DA:10,2
DA:18,9
DA:19,9
DA:20,9
DA:21,9
DA:23,9
DA:24,7
DA:25,5
DA:28,0
DA:30,0
DA:31,0
DA:36,0
DA:37,0
DA:38,0
DA:39,0
DA:40,0
DA:41,0
DA:42,0
DA:43,0
DA:47,7
DA:48,5
DA:50,7
DA:53,9
DA:54,2
DA:55,2
DA:58,2
DA:61,2
DA:62,1
DA:63,0
DA:64,2
DA:65,1
DA:66,0
DA:67,2
DA:70,9
DA:71,2
DA:72,2
DA:73,2
DA:74,2
DA:75,2
DA:77,1
DA:78,1
DA:79,1
DA:80,1
DA:82,1
DA:83,1
DA:84,1
DA:85,1
DA:89,1
DA:93,9
DA:95,7
DA:190,28
LF:51
LH:38
BRDA:24,0,0,5
BRDA:24,0,1,2
BRDA:24,1,0,7
BRDA:24,1,1,5
BRDA:28,2,0,0
BRDA:28,2,1,0
BRDA:30,3,0,0
BRDA:30,3,1,0
BRDA:30,4,0,0
BRDA:30,4,1,0
BRDA:38,5,0,0
BRDA:38,5,1,0
BRDA:38,6,0,0
BRDA:38,6,1,0
BRDA:41,7,0,0
BRDA:41,7,1,0
BRDA:41,8,0,0
BRDA:41,8,1,0
BRDA:47,9,0,5
BRDA:47,9,1,2
BRDA:61,10,0,1
BRDA:61,10,1,1
BRDA:62,11,0,0
BRDA:62,11,1,1
BRDA:62,12,0,1
BRDA:62,12,1,1
BRDA:64,13,0,1
BRDA:64,13,1,1
BRDA:65,14,0,0
BRDA:65,14,1,1
BRDA:65,15,0,1
BRDA:65,15,1,1
BRDA:75,16,0,1
BRDA:75,16,1,1
BRDA:79,17,0,0
BRDA:79,17,1,1
BRDA:79,18,0,1
BRDA:79,18,1,0
BRDA:93,19,0,2
BRDA:93,19,1,7
BRDA:134,20,0,1
BRDA:134,20,1,6
BRDA:135,21,0,1
BRDA:135,21,1,6
BRDA:139,22,0,7
BRDA:139,22,1,1
BRDA:161,23,0,1
BRDA:161,23,1,6
BRDA:163,24,0,1
BRDA:163,24,1,6
BRDA:167,25,0,7
BRDA:167,25,1,1
BRDA:224,26,0,1
BRDA:224,26,1,6
BRDA:228,27,0,1
BRDA:228,27,1,6
BRDA:231,28,0,1
BRDA:231,28,1,6
BRF:58
BRH:40
end_of_record
TN:
SF:src/components/GraphVisualizer.tsx
FN:3,(anonymous_0)
FNF:1
FNH:1
FNDA:1,(anonymous_0)
DA:3,1
DA:4,1
LF:2
LH:2
BRF:0
BRH:0
end_of_record
TN:
SF:src/components/RefactoringCard.tsx
FN:3,(anonymous_0)
FNF:1
FNH:1
FNDA:1,(anonymous_0)
DA:3,1
DA:4,1
LF:2
LH:2
BRF:0
BRH:0
end_of_record
TN:
SF:src/context/AnalysisContext.tsx
FN:19,(anonymous_0)
FN:24,(anonymous_1)
FN:45,(anonymous_2)
FNF:3
FNH:3
FNDA:3,(anonymous_0)
FNDA:1,(anonymous_1)
FNDA:3,(anonymous_2)
DA:15,2
DA:19,2
DA:20,3
DA:21,3
DA:22,3
DA:24,3
DA:25,1
DA:26,1
DA:27,1
DA:29,1
DA:31,0
DA:32,0
DA:34,1
DA:38,3
DA:45,2
DA:46,3
DA:47,3
DA:48,0
DA:51,3
LF:19
LH:16
BRDA:47,0,0,0
BRDA:47,0,1,3
BRF:2
BRH:1
end_of_record
TN:
SF:src/context/AuthContext.tsx
FN:12,(anonymous_0)
FN:15,(anonymous_1)
FN:20,(anonymous_2)
FN:24,(anonymous_3)
FN:36,(anonymous_4)
FNF:5
FNH:5
FNDA:6,(anonymous_0)
FNDA:2,(anonymous_1)
FNDA:1,(anonymous_2)
FNDA:1,(anonymous_3)
FNDA:6,(anonymous_4)
DA:10,1
DA:12,1
DA:13,6
DA:15,6
DA:17,2
DA:20,6
DA:21,1
DA:24,6
DA:26,1
DA:29,6
DA:36,1
DA:37,6
DA:38,6
DA:39,0
DA:40,6
LF:15
LH:14
BRDA:26,0,0,1
BRDA:26,0,1,0
BRDA:38,1,0,0
BRDA:38,1,1,6
BRF:4
BRH:2
end_of_record
TN:
SF:src/hooks/useAnalysis.ts
FN:9,useAnalysis
FN:14,(anonymous_1)
FNF:2
FNH:2
FNDA:11,useAnalysis
FNDA:4,(anonymous_1)
DA:10,11
DA:11,11
DA:12,11
DA:14,11
DA:18,4
DA:19,4
DA:20,4
DA:21,4
DA:22,2
DA:24,2
DA:25,2
DA:26,2
DA:27,0
DA:28,0
DA:30,2
DA:31,2
DA:33,4
DA:37,11
LF:18
LH:16
BRDA:25,0,0,2
BRDA:25,0,1,0
BRDA:27,1,0,0
BRDA:27,1,1,0
BRF:4
BRH:1
end_of_record
TN:
SF:src/hooks/useAuth.ts
FN:3,useAuth
FNF:1
FNH:1
FNDA:1,useAuth
DA:4,1
DA:6,1
LF:2
LH:2
BRF:0
BRH:0
end_of_record
TN:
SF:src/hooks/useGit.ts
FN:9,useGit
FN:14,(anonymous_1)
FNF:2
FNH:2
FNDA:6,useGit
FNDA:2,(anonymous_1)
DA:10,6
DA:11,6
DA:12,6
DA:14,6
DA:15,2
DA:16,2
DA:17,2
DA:18,2
DA:19,1
DA:21,1
DA:22,1
DA:23,1
DA:24,0
DA:25,0
DA:27,1
DA:28,1
DA:30,2
DA:34,6
LF:18
LH:16
BRDA:22,0,0,1
BRDA:22,0,1,0
BRDA:24,1,0,0
BRDA:24,1,1,0
BRF:4
BRH:1
end_of_record
TN:
SF:src/hooks/useModels.ts
FN:4,useModels
FN:9,(anonymous_1)
FNF:2
FNH:2
FNDA:25,useModels
FNDA:8,(anonymous_1)
DA:5,25
DA:6,25
DA:7,25
DA:9,25
DA:10,8
DA:11,8
DA:12,8
DA:13,8
DA:14,6
DA:16,1
DA:17,1
DA:18,1
DA:19,0
DA:20,0
DA:22,1
DA:23,1
DA:25,7
DA:29,25
LF:18
LH:16
BRDA:17,0,0,1
BRDA:17,0,1,0
BRDA:19,1,0,0
BRDA:19,1,1,0
BRF:4
BRH:1
end_of_record
TN:
SF:src/pages/Dashboard.tsx
FN:14,debounce
FN:16,(anonymous_1)
FN:18,(anonymous_2)
FN:22,(anonymous_3)
FN:40,(anonymous_4)
FN:45,(anonymous_5)
FN:52,(anonymous_6)
FN:60,(anonymous_7)
FN:84,(anonymous_8)
FNF:9
FNH:7
FNDA:10,debounce
FNDA:4,(anonymous_1)
FNDA:0,(anonymous_2)
FNDA:23,(anonymous_3)
FNDA:6,(anonymous_4)
FNDA:14,(anonymous_5)
FNDA:10,(anonymous_6)
FNDA:0,(anonymous_7)
FNDA:1,(anonymous_8)
DA:9,2
DA:16,10
DA:17,4
DA:18,4
DA:22,2
DA:23,23
DA:24,21
DA:25,21
DA:26,21
DA:32,21
DA:38,21
DA:40,21
DA:41,6
DA:45,21
DA:46,14
DA:47,4
DA:52,21
DA:53,10
DA:54,10
DA:55,4
DA:60,21
DA:61,0
DA:62,0
DA:66,21
DA:84,1
LF:25
LH:23
BRDA:46,0,0,4
BRDA:46,0,1,10
BRDA:46,1,0,14
BRDA:46,1,1,8
BRDA:54,2,0,4
BRDA:54,2,1,6
BRDA:54,3,0,10
BRDA:54,3,1,10
BRDA:54,3,2,10
BRDA:61,4,0,0
BRDA:61,4,1,0
BRDA:90,5,0,21
BRDA:90,5,1,21
BRDA:92,6,0,0
BRDA:92,6,1,21
BRDA:95,7,0,21
BRDA:95,7,1,0
BRDA:96,8,0,21
BRDA:96,8,1,0
BRDA:96,8,2,0
BRDA:102,9,0,21
BRDA:102,9,1,0
BRDA:105,10,0,21
BRDA:105,10,1,0
BRDA:108,11,0,21
BRDA:108,11,1,19
BRF:26
BRH:18
end_of_record
TN:
SF:src/pages/DocsPortal.tsx
FN:14,(anonymous_0)
FN:29,(anonymous_1)
FNF:2
FNH:2
FNDA:1,(anonymous_0)
FNDA:6,(anonymous_1)
DA:3,2
DA:12,2
DA:14,2
DA:15,1
DA:30,6
LF:5
LH:5
BRF:0
BRH:0
end_of_record
TN:
SF:src/pages/Login.tsx
FN:3,(anonymous_0)
FNF:1
FNH:1
FNDA:1,(anonymous_0)
DA:3,2
DA:4,1
LF:2
LH:2
BRF:0
BRH:0
end_of_record
TN:
SF:src/pages/Settings.tsx
FN:14,(anonymous_0)
FN:25,(anonymous_1)
FN:28,(anonymous_2)
FN:37,(anonymous_3)
FN:38,(anonymous_4)
FN:43,(anonymous_5)
FN:71,(anonymous_6)
FN:74,(anonymous_7)
FN:91,(anonymous_8)
FNF:9
FNH:9
FNDA:43,(anonymous_0)
FNDA:14,(anonymous_1)
FNDA:1,(anonymous_2)
FNDA:12,(anonymous_3)
FNDA:14,(anonymous_4)
FNDA:2,(anonymous_5)
FNDA:1,(anonymous_6)
FNDA:21,(anonymous_7)
FNDA:2,(anonymous_8)
DA:14,3
DA:18,43
DA:19,43
DA:20,43
DA:21,43
DA:22,43
DA:23,43
DA:25,43
DA:26,14
DA:29,1
DA:30,1
DA:31,1
DA:32,0
DA:33,0
DA:35,1
DA:37,12
DA:38,14
DA:39,14
DA:43,43
DA:44,2
DA:45,2
DA:46,2
DA:47,2
DA:49,1
DA:51,2
DA:55,43
DA:71,1
DA:75,21
DA:91,2
LF:29
LH:27
BRDA:30,0,0,1
BRDA:30,0,1,0
BRDA:32,1,0,0
BRDA:32,1,1,0
BRDA:39,2,0,14
BRDA:39,2,1,5
BRDA:62,3,0,21
BRDA:62,3,1,22
BRDA:64,4,0,1
BRDA:64,4,1,21
BRDA:102,5,0,2
BRDA:102,5,1,41
BRDA:104,6,0,43
BRDA:104,6,1,1
BRF:14
BRH:11
end_of_record
TN:
SF:src/services/apiClient.ts
FN:25,runAnalysis
FN:53,cloneRepo
FN:75,listModels
FNF:3
FNH:1
FNDA:0,runAnalysis
FNDA:0,cloneRepo
FNDA:2,listModels
DA:3,9
DA:5,9
DA:29,0
DA:30,0
DA:31,0
DA:32,0
DA:33,0
DA:35,0
DA:42,0
DA:44,0
DA:54,0
DA:55,0
DA:56,0
DA:58,0
DA:65,0
DA:67,0
DA:76,2
DA:77,2
DA:78,0
DA:80,0
DA:87,0
DA:89,0
LF:22
LH:4
BRDA:3,0,0,9
BRDA:3,0,1,9
BRDA:31,1,0,0
BRDA:31,1,1,0
BRDA:35,2,0,0
BRDA:35,2,1,0
BRDA:36,3,0,0
BRDA:36,3,1,0
BRDA:36,3,2,0
BRDA:36,3,3,0
BRDA:42,4,0,0
BRDA:42,4,1,0
BRDA:58,5,0,0
BRDA:58,5,1,0
BRDA:59,6,0,0
BRDA:59,6,1,0
BRDA:59,6,2,0
BRDA:59,6,3,0
BRDA:65,7,0,0
BRDA:65,7,1,0
BRDA:80,8,0,0
BRDA:80,8,1,0
BRDA:81,9,0,0
BRDA:81,9,1,0
BRDA:81,9,2,0
BRDA:81,9,3,0
BRDA:87,10,0,0
BRDA:87,10,1,0
BRF:28
BRH:2
end_of_record
TN:
SF:src/services/authService.ts
FN:1,login
FN:6,logout
FNF:2
FNH:2
FNDA:1,login
FNDA:1,logout
DA:3,1
DA:8,1
LF:2
LH:2
BRF:0
BRH:0
end_of_record
TN:
SF:src/services/gitService.ts
FN:13,cloneRepo
FNF:1
FNH:0
FNDA:0,cloneRepo
DA:14,0
DA:15,0
DA:16,0
DA:18,0
DA:26,0
DA:31,0
DA:33,0
LF:7
LH:0
BRDA:18,0,0,0
BRDA:18,0,1,0
BRDA:19,1,0,0
BRDA:19,1,1,0
BRDA:19,1,2,0
BRDA:19,1,3,0
BRDA:26,2,0,0
BRDA:26,2,1,0
BRDA:26,3,0,0
BRDA:26,3,1,0
BRDA:26,3,2,0
BRDA:31,4,0,0
BRDA:31,4,1,0
BRF:13
BRH:0
end_of_record
TN:
SF:src/services/modelsService.ts
FN:7,listModels
FNF:1
FNH:1
FNDA:2,listModels
DA:8,2
LF:1
LH:1
BRF:0
BRH:0
end_of_record
TN:
SF:src/services/settingsService.ts
FN:6,getAdvancedSettings
FN:12,saveAdvancedSettings
FNF:2
FNH:1
FNDA:6,getAdvancedSettings
FNDA:0,saveAdvancedSettings
DA:7,6
DA:8,6
DA:9,6
DA:15,0
DA:20,0
LF:5
LH:3
BRDA:8,0,0,0
BRDA:8,0,1,6
BRDA:20,1,0,0
BRDA:20,1,1,0
BRF:4
BRH:1
end_of_record
TN:
SF:src/utils/env.ts
FN:1,getEnv
FNF:1
FNH:1
FNDA:3,getEnv
DA:2,3
DA:3,1
DA:5,2
LF:3
LH:3
BRDA:2,0,0,1
BRDA:2,0,1,2
BRDA:2,1,0,3
BRDA:2,1,1,2
BRDA:2,1,2,2
BRF:5
BRH:5
end_of_record
